2023-06-10 23:11:28,867 DEBUG [main][Logger.java:49] - Creating a new SqlSession
2023-06-10 23:11:28,839 WARN [HikariPool-1 housekeeper][HikariPool.java:787] - HikariPool-1 - Thread starvation or clock leap detected (housekeeper delta=48m11s228ms576µs800ns).
2023-06-10 23:11:28,867 DEBUG [SpringContextShutdownHook][AbstractApplicationContext.java:1006] - Closing org.springframework.context.annotation.AnnotationConfigApplicationContext@5bbbdd4b, started on Sat Jun 10 22:22:45 CST 2023, parent: org.springframework.context.annotation.AnnotationConfigApplicationContext@21aa6d6c
2023-06-10 23:11:28,839 WARN [HikariPool-1 housekeeper][HikariPool.java:787] - HikariPool-1 - Thread starvation or clock leap detected (housekeeper delta=48m11s228ms576µs800ns).
2023-06-10 23:11:28,867 DEBUG [main][Logger.java:49] - Creating a new SqlSession
2023-06-10 23:11:28,867 DEBUG [SpringContextShutdownHook][AbstractApplicationContext.java:1006] - Closing org.springframework.context.annotation.AnnotationConfigApplicationContext@5bbbdd4b, started on Sat Jun 10 22:22:45 CST 2023, parent: org.springframework.context.annotation.AnnotationConfigApplicationContext@21aa6d6c
2023-06-10 23:11:28,879 DEBUG [HikariPool-1 housekeeper][HikariPool.java:421] - HikariPool-1 - Pool stats (total=10, active=0, idle=10, waiting=0)
2023-06-10 23:11:28,879 DEBUG [HikariPool-1 housekeeper][HikariPool.java:421] - HikariPool-1 - Pool stats (total=10, active=0, idle=10, waiting=0)
2023-06-10 23:11:28,879 DEBUG [HikariPool-1 housekeeper][HikariPool.java:517] - HikariPool-1 - Fill pool skipped, pool is at sufficient level.
2023-06-10 23:11:28,879 DEBUG [HikariPool-1 housekeeper][HikariPool.java:517] - HikariPool-1 - Fill pool skipped, pool is at sufficient level.
2023-06-10 23:11:28,881 DEBUG [HikariPool-1 housekeeper][HikariPool.java:342] - HikariPool-1 - Add connection elided, waiting 0, queue 1
2023-06-10 23:11:28,881 DEBUG [HikariPool-1 housekeeper][HikariPool.java:342] - HikariPool-1 - Add connection elided, waiting 0, queue 1
2023-06-10 23:11:28,881 DEBUG [main][Logger.java:49] - SqlSession [org.apache.ibatis.session.defaults.DefaultSqlSession@64c781a9] was not registered for synchronization because synchronization is not active
2023-06-10 23:11:28,881 DEBUG [main][Logger.java:49] - SqlSession [org.apache.ibatis.session.defaults.DefaultSqlSession@64c781a9] was not registered for synchronization because synchronization is not active
2023-06-10 23:11:28,881 DEBUG [HikariPool-1 housekeeper][HikariPool.java:342] - HikariPool-1 - Add connection elided, waiting 0, queue 1
2023-06-10 23:11:28,881 DEBUG [HikariPool-1 housekeeper][HikariPool.java:342] - HikariPool-1 - Add connection elided, waiting 0, queue 1
2023-06-10 23:11:28,881 DEBUG [HikariPool-1 housekeeper][HikariPool.java:342] - HikariPool-1 - Add connection elided, waiting 0, queue 1
2023-06-10 23:11:28,881 DEBUG [HikariPool-1 housekeeper][HikariPool.java:342] - HikariPool-1 - Add connection elided, waiting 0, queue 1
2023-06-10 23:11:28,882 DEBUG [HikariPool-1 housekeeper][HikariPool.java:342] - HikariPool-1 - Add connection elided, waiting 0, queue 1
2023-06-10 23:11:28,882 DEBUG [HikariPool-1 housekeeper][HikariPool.java:342] - HikariPool-1 - Add connection elided, waiting 0, queue 1
2023-06-10 23:11:28,882 DEBUG [HikariPool-1 connection closer][PoolBase.java:134] - HikariPool-1 - Closing connection com.mysql.cj.jdbc.ConnectionImpl@15cf6ca0: (connection has passed maxLifetime)
2023-06-10 23:11:28,882 DEBUG [HikariPool-1 housekeeper][HikariPool.java:342] - HikariPool-1 - Add connection elided, waiting 0, queue 1
2023-06-10 23:11:28,882 DEBUG [HikariPool-1 housekeeper][HikariPool.java:342] - HikariPool-1 - Add connection elided, waiting 0, queue 1
2023-06-10 23:11:28,882 DEBUG [HikariPool-1 connection closer][PoolBase.java:134] - HikariPool-1 - Closing connection com.mysql.cj.jdbc.ConnectionImpl@15cf6ca0: (connection has passed maxLifetime)
2023-06-10 23:11:28,882 DEBUG [HikariPool-1 housekeeper][HikariPool.java:342] - HikariPool-1 - Add connection elided, waiting 0, queue 1
2023-06-10 23:11:28,882 DEBUG [HikariPool-1 housekeeper][HikariPool.java:342] - HikariPool-1 - Add connection elided, waiting 0, queue 1
2023-06-10 23:11:28,883 DEBUG [HikariPool-1 housekeeper][HikariPool.java:342] - HikariPool-1 - Add connection elided, waiting 0, queue 1
2023-06-10 23:11:28,883 DEBUG [HikariPool-1 housekeeper][HikariPool.java:342] - HikariPool-1 - Add connection elided, waiting 0, queue 1
2023-06-10 23:11:28,883 DEBUG [HikariPool-1 housekeeper][HikariPool.java:342] - HikariPool-1 - Add connection elided, waiting 0, queue 1
2023-06-10 23:11:28,883 DEBUG [HikariPool-1 housekeeper][HikariPool.java:342] - HikariPool-1 - Add connection elided, waiting 0, queue 1
2023-06-10 23:11:28,887 DEBUG [main][DataSourceUtils.java:115] - Fetching JDBC Connection from DataSource
2023-06-10 23:11:28,887 DEBUG [main][DataSourceUtils.java:115] - Fetching JDBC Connection from DataSource
2023-06-10 23:11:28,907 INFO [SpringContextShutdownHook][HikariDataSource.java:350] - HikariPool-1 - Shutdown initiated...
2023-06-10 23:11:28,907 INFO [SpringContextShutdownHook][HikariDataSource.java:350] - HikariPool-1 - Shutdown initiated...
2023-06-10 23:11:28,908 DEBUG [SpringContextShutdownHook][HikariPool.java:421] - HikariPool-1 - Before shutdown stats (total=0, active=0, idle=0, waiting=1)
2023-06-10 23:11:28,908 DEBUG [SpringContextShutdownHook][HikariPool.java:421] - HikariPool-1 - Before shutdown stats (total=0, active=0, idle=0, waiting=1)
2023-06-10 23:11:28,912 DEBUG [HikariPool-1 connection closer][PoolBase.java:134] - HikariPool-1 - Closing connection com.mysql.cj.jdbc.ConnectionImpl@3483e3d3: (connection has passed maxLifetime)
2023-06-10 23:11:28,912 DEBUG [HikariPool-1 connection closer][PoolBase.java:134] - HikariPool-1 - Closing connection com.mysql.cj.jdbc.ConnectionImpl@3483e3d3: (connection has passed maxLifetime)
2023-06-10 23:11:28,914 DEBUG [HikariPool-1 connection closer][PoolBase.java:134] - HikariPool-1 - Closing connection com.mysql.cj.jdbc.ConnectionImpl@64deb58f: (connection has passed maxLifetime)
2023-06-10 23:11:28,914 DEBUG [HikariPool-1 connection closer][PoolBase.java:134] - HikariPool-1 - Closing connection com.mysql.cj.jdbc.ConnectionImpl@64deb58f: (connection has passed maxLifetime)
2023-06-10 23:11:28,914 DEBUG [HikariPool-1 connection adder][HikariPool.java:728] - HikariPool-1 - Added connection com.mysql.cj.jdbc.ConnectionImpl@7665621f
2023-06-10 23:11:28,914 DEBUG [HikariPool-1 connection adder][HikariPool.java:728] - HikariPool-1 - Added connection com.mysql.cj.jdbc.ConnectionImpl@7665621f
2023-06-10 23:11:28,923 DEBUG [main][Logger.java:49] - JDBC Connection [HikariProxyConnection@95980430 wrapping com.mysql.cj.jdbc.ConnectionImpl@7665621f] will not be managed by Spring
2023-06-10 23:11:28,923 DEBUG [main][Logger.java:49] - JDBC Connection [HikariProxyConnection@95980430 wrapping com.mysql.cj.jdbc.ConnectionImpl@7665621f] will not be managed by Spring
2023-06-10 23:11:28,928 DEBUG [HikariPool-1 connection closer][PoolBase.java:134] - HikariPool-1 - Closing connection com.mysql.cj.jdbc.ConnectionImpl@3d8126d2: (connection has passed maxLifetime)
2023-06-10 23:11:28,928 DEBUG [HikariPool-1 connection closer][PoolBase.java:134] - HikariPool-1 - Closing connection com.mysql.cj.jdbc.ConnectionImpl@3d8126d2: (connection has passed maxLifetime)
2023-06-10 23:11:28,929 DEBUG [HikariPool-1 connection closer][PoolBase.java:134] - HikariPool-1 - Closing connection com.mysql.cj.jdbc.ConnectionImpl@72f03395: (connection has passed maxLifetime)
2023-06-10 23:11:28,929 DEBUG [HikariPool-1 connection closer][PoolBase.java:134] - HikariPool-1 - Closing connection com.mysql.cj.jdbc.ConnectionImpl@72f03395: (connection has passed maxLifetime)
2023-06-10 23:11:28,929 DEBUG [main][BaseJdbcLogger.java:137] - ==>  Preparing: DELETE FROM teachplan WHERE id=?
2023-06-10 23:11:28,929 DEBUG [main][BaseJdbcLogger.java:137] - ==>  Preparing: DELETE FROM teachplan WHERE id=?
2023-06-10 23:11:28,930 DEBUG [HikariPool-1 connection closer][PoolBase.java:134] - HikariPool-1 - Closing connection com.mysql.cj.jdbc.ConnectionImpl@73946e4c: (connection has passed maxLifetime)
2023-06-10 23:11:28,930 DEBUG [HikariPool-1 connection closer][PoolBase.java:134] - HikariPool-1 - Closing connection com.mysql.cj.jdbc.ConnectionImpl@73946e4c: (connection has passed maxLifetime)
2023-06-10 23:11:28,932 DEBUG [HikariPool-1 connection closer][PoolBase.java:134] - HikariPool-1 - Closing connection com.mysql.cj.jdbc.ConnectionImpl@5393d2db: (connection has passed maxLifetime)
2023-06-10 23:11:28,932 DEBUG [HikariPool-1 connection closer][PoolBase.java:134] - HikariPool-1 - Closing connection com.mysql.cj.jdbc.ConnectionImpl@5393d2db: (connection has passed maxLifetime)
2023-06-10 23:11:28,932 DEBUG [HikariPool-1 connection closer][PoolBase.java:134] - HikariPool-1 - Closing connection com.mysql.cj.jdbc.ConnectionImpl@7c9d25bb: (connection has passed maxLifetime)
2023-06-10 23:11:28,932 DEBUG [HikariPool-1 connection closer][PoolBase.java:134] - HikariPool-1 - Closing connection com.mysql.cj.jdbc.ConnectionImpl@7c9d25bb: (connection has passed maxLifetime)
2023-06-10 23:11:28,933 DEBUG [HikariPool-1 connection closer][PoolBase.java:134] - HikariPool-1 - Closing connection com.mysql.cj.jdbc.ConnectionImpl@7e197e7b: (connection has passed maxLifetime)
2023-06-10 23:11:28,933 DEBUG [HikariPool-1 connection closer][PoolBase.java:134] - HikariPool-1 - Closing connection com.mysql.cj.jdbc.ConnectionImpl@7e197e7b: (connection has passed maxLifetime)
2023-06-10 23:11:28,935 DEBUG [HikariPool-1 connection closer][PoolBase.java:134] - HikariPool-1 - Closing connection com.mysql.cj.jdbc.ConnectionImpl@27cda619: (connection has passed maxLifetime)
2023-06-10 23:11:28,935 DEBUG [HikariPool-1 connection closer][PoolBase.java:134] - HikariPool-1 - Closing connection com.mysql.cj.jdbc.ConnectionImpl@27cda619: (connection has passed maxLifetime)
2023-06-10 23:11:28,937 DEBUG [SpringContextShutdownHook][HikariPool.java:421] - HikariPool-1 - After shutdown stats (total=0, active=0, idle=0, waiting=0)
2023-06-10 23:11:28,937 DEBUG [SpringContextShutdownHook][HikariPool.java:421] - HikariPool-1 - After shutdown stats (total=0, active=0, idle=0, waiting=0)
2023-06-10 23:11:28,937 INFO [SpringContextShutdownHook][HikariDataSource.java:352] - HikariPool-1 - Shutdown completed.
2023-06-10 23:11:28,937 INFO [SpringContextShutdownHook][HikariDataSource.java:352] - HikariPool-1 - Shutdown completed.
2023-06-10 23:11:28,937 DEBUG [main][BaseJdbcLogger.java:137] - ==> Parameters: 267(Long)
2023-06-10 23:11:28,937 DEBUG [main][BaseJdbcLogger.java:137] - ==> Parameters: 267(Long)
