2023-07-27 23:00:00,568 DEBUG [restartedMain][ClasspathLoggingApplicationListener.java:51] - Application started with classpath: [file:/D:/project/xuecheng-plus-content/xuecheng-plus-content-api/target/classes/, file:/D:/project/xuecheng-plus-content/xuecheng-plus-content-service/target/classes/, file:/D:/project/xuecheng-plus-content/xuecheng-plus-content-model/target/classes/, file:/D:/project/xuecheng-plus-base/target/classes/]
2023-07-27 23:00:00,568 DEBUG [restartedMain][ClasspathLoggingApplicationListener.java:51] - Application started with classpath: [file:/D:/project/xuecheng-plus-content/xuecheng-plus-content-api/target/classes/, file:/D:/project/xuecheng-plus-content/xuecheng-plus-content-service/target/classes/, file:/D:/project/xuecheng-plus-content/xuecheng-plus-content-model/target/classes/, file:/D:/project/xuecheng-plus-base/target/classes/]
2023-07-27 23:00:00,586 DEBUG [restartedMain][PropertySourcesPropertyResolver.java:115] - Found key 'spring.application.name' in PropertySource 'configurationProperties' with value of type String
2023-07-27 23:00:00,586 DEBUG [restartedMain][PropertySourcesPropertyResolver.java:115] - Found key 'spring.application.name' in PropertySource 'configurationProperties' with value of type String
2023-07-27 23:00:00,626 DEBUG [restartedMain][NacosPropertySourceBuilder.java:93] - Loading nacos data, dataId: 'swagger-dev.yaml', group: 'xuecheng-plus-common', data: swagger:
  title: "学成在线项目接口文档"
  description: "学成在线项目接口文档"
  base-package: com.xuecheng
  enabled: true
  version: 1.0.0
2023-07-27 23:00:00,626 DEBUG [restartedMain][NacosPropertySourceBuilder.java:93] - Loading nacos data, dataId: 'swagger-dev.yaml', group: 'xuecheng-plus-common', data: swagger:
  title: "学成在线项目接口文档"
  description: "学成在线项目接口文档"
  base-package: com.xuecheng
  enabled: true
  version: 1.0.0
2023-07-27 23:00:00,627 DEBUG [restartedMain][YamlProcessor.java:197] - Loading from YAML: Byte array resource [swagger-dev.yaml]
2023-07-27 23:00:00,627 DEBUG [restartedMain][YamlProcessor.java:197] - Loading from YAML: Byte array resource [swagger-dev.yaml]
2023-07-27 23:00:00,628 DEBUG [restartedMain][YamlProcessor.java:262] - Merging document (no matchers set): {swagger={title=学成在线项目接口文档, description=学成在线项目接口文档, base-package=com.xuecheng, enabled=true, version=1.0.0}}
2023-07-27 23:00:00,628 DEBUG [restartedMain][YamlProcessor.java:262] - Merging document (no matchers set): {swagger={title=学成在线项目接口文档, description=学成在线项目接口文档, base-package=com.xuecheng, enabled=true, version=1.0.0}}
2023-07-27 23:00:00,628 DEBUG [restartedMain][YamlProcessor.java:209] - Loaded 1 document from YAML resource: Byte array resource [swagger-dev.yaml]
2023-07-27 23:00:00,628 DEBUG [restartedMain][YamlProcessor.java:209] - Loaded 1 document from YAML resource: Byte array resource [swagger-dev.yaml]
2023-07-27 23:00:00,633 DEBUG [restartedMain][NacosPropertySourceBuilder.java:93] - Loading nacos data, dataId: 'logging-dev.yaml', group: 'xuecheng-plus-common', data: logging:
  config: classpath:log4j2-dev.xml  # 日志文件配置路径

2023-07-27 23:00:00,633 DEBUG [restartedMain][NacosPropertySourceBuilder.java:93] - Loading nacos data, dataId: 'logging-dev.yaml', group: 'xuecheng-plus-common', data: logging:
  config: classpath:log4j2-dev.xml  # 日志文件配置路径

2023-07-27 23:00:00,633 DEBUG [restartedMain][YamlProcessor.java:197] - Loading from YAML: Byte array resource [logging-dev.yaml]
2023-07-27 23:00:00,633 DEBUG [restartedMain][YamlProcessor.java:197] - Loading from YAML: Byte array resource [logging-dev.yaml]
2023-07-27 23:00:00,634 DEBUG [restartedMain][YamlProcessor.java:262] - Merging document (no matchers set): {logging={config=classpath:log4j2-dev.xml}}
2023-07-27 23:00:00,634 DEBUG [restartedMain][YamlProcessor.java:262] - Merging document (no matchers set): {logging={config=classpath:log4j2-dev.xml}}
2023-07-27 23:00:00,634 DEBUG [restartedMain][YamlProcessor.java:209] - Loaded 1 document from YAML resource: Byte array resource [logging-dev.yaml]
2023-07-27 23:00:00,634 DEBUG [restartedMain][YamlProcessor.java:209] - Loaded 1 document from YAML resource: Byte array resource [logging-dev.yaml]
2023-07-27 23:00:00,638 DEBUG [restartedMain][NacosPropertySourceBuilder.java:93] - Loading nacos data, dataId: 'content-service-dev.yaml', group: 'xuecheng-plus-project', data: spring:
  datasource:
    driver-class-name: com.mysql.cj.jdbc.Driver
    url: jdbc:mysql://192.168.101.65:3306/xcplus_content?serverTimezone=UTC&userUnicode=true&useSSL=false&
    username: root
    password: mysql
2023-07-27 23:00:00,638 DEBUG [restartedMain][NacosPropertySourceBuilder.java:93] - Loading nacos data, dataId: 'content-service-dev.yaml', group: 'xuecheng-plus-project', data: spring:
  datasource:
    driver-class-name: com.mysql.cj.jdbc.Driver
    url: jdbc:mysql://192.168.101.65:3306/xcplus_content?serverTimezone=UTC&userUnicode=true&useSSL=false&
    username: root
    password: mysql
2023-07-27 23:00:00,639 DEBUG [restartedMain][YamlProcessor.java:197] - Loading from YAML: Byte array resource [content-service-dev.yaml]
2023-07-27 23:00:00,639 DEBUG [restartedMain][YamlProcessor.java:197] - Loading from YAML: Byte array resource [content-service-dev.yaml]
2023-07-27 23:00:00,639 DEBUG [restartedMain][YamlProcessor.java:262] - Merging document (no matchers set): {spring={datasource={driver-class-name=com.mysql.cj.jdbc.Driver, url=jdbc:mysql://192.168.101.65:3306/xcplus_content?serverTimezone=UTC&userUnicode=true&useSSL=false&, username=root, password=mysql}}}
2023-07-27 23:00:00,639 DEBUG [restartedMain][YamlProcessor.java:262] - Merging document (no matchers set): {spring={datasource={driver-class-name=com.mysql.cj.jdbc.Driver, url=jdbc:mysql://192.168.101.65:3306/xcplus_content?serverTimezone=UTC&userUnicode=true&useSSL=false&, username=root, password=mysql}}}
2023-07-27 23:00:00,640 DEBUG [restartedMain][YamlProcessor.java:209] - Loaded 1 document from YAML resource: Byte array resource [content-service-dev.yaml]
2023-07-27 23:00:00,640 DEBUG [restartedMain][YamlProcessor.java:209] - Loaded 1 document from YAML resource: Byte array resource [content-service-dev.yaml]
2023-07-27 23:00:00,644 WARN [restartedMain][NacosPropertySourceBuilder.java:87] - Ignore the empty nacos configuration and get it based on dataId[content-api] & group[xuecheng-plus-project]
2023-07-27 23:00:00,644 WARN [restartedMain][NacosPropertySourceBuilder.java:87] - Ignore the empty nacos configuration and get it based on dataId[content-api] & group[xuecheng-plus-project]
2023-07-27 23:00:00,647 WARN [restartedMain][NacosPropertySourceBuilder.java:87] - Ignore the empty nacos configuration and get it based on dataId[content-api.yaml] & group[xuecheng-plus-project]
2023-07-27 23:00:00,647 WARN [restartedMain][NacosPropertySourceBuilder.java:87] - Ignore the empty nacos configuration and get it based on dataId[content-api.yaml] & group[xuecheng-plus-project]
2023-07-27 23:00:00,651 DEBUG [restartedMain][NacosPropertySourceBuilder.java:93] - Loading nacos data, dataId: 'content-api-dev.yaml', group: 'xuecheng-plus-project', data: server:
  servlet:
    context-path: /content
  port: 63040
#配置本地优先
spring:
  cloud:
    config:
      override-none: true
# spring:
  # datasource:
  #   driver-class-name: com.mysql.cj.jdbc.Driver
  #   url: jdbc:mysql://192.168.101.65:3306/xcplus_content?serverTimezone=UTC&userUnicode=true&useSSL=false&
  #   username: root
  #   password: mysql

2023-07-27 23:00:00,651 DEBUG [restartedMain][NacosPropertySourceBuilder.java:93] - Loading nacos data, dataId: 'content-api-dev.yaml', group: 'xuecheng-plus-project', data: server:
  servlet:
    context-path: /content
  port: 63040
#配置本地优先
spring:
  cloud:
    config:
      override-none: true
# spring:
  # datasource:
  #   driver-class-name: com.mysql.cj.jdbc.Driver
  #   url: jdbc:mysql://192.168.101.65:3306/xcplus_content?serverTimezone=UTC&userUnicode=true&useSSL=false&
  #   username: root
  #   password: mysql

2023-07-27 23:00:00,651 DEBUG [restartedMain][YamlProcessor.java:197] - Loading from YAML: Byte array resource [content-api-dev.yaml]
2023-07-27 23:00:00,651 DEBUG [restartedMain][YamlProcessor.java:197] - Loading from YAML: Byte array resource [content-api-dev.yaml]
2023-07-27 23:00:00,652 DEBUG [restartedMain][YamlProcessor.java:262] - Merging document (no matchers set): {server={servlet={context-path=/content}, port=63040}, spring={cloud={config={override-none=true}}}}
2023-07-27 23:00:00,652 DEBUG [restartedMain][YamlProcessor.java:262] - Merging document (no matchers set): {server={servlet={context-path=/content}, port=63040}, spring={cloud={config={override-none=true}}}}
2023-07-27 23:00:00,652 DEBUG [restartedMain][YamlProcessor.java:209] - Loaded 1 document from YAML resource: Byte array resource [content-api-dev.yaml]
2023-07-27 23:00:00,652 DEBUG [restartedMain][YamlProcessor.java:209] - Loaded 1 document from YAML resource: Byte array resource [content-api-dev.yaml]
2023-07-27 23:00:00,653 INFO [restartedMain][PropertySourceBootstrapConfiguration.java:112] - Located property source: [BootstrapPropertySource@26824723 {name='bootstrapProperties-content-api-dev.yaml,xuecheng-plus-project', properties={server.servlet.context-path=/content, server.port=63040, spring.cloud.config.override-none=true}}, BootstrapPropertySource@916896015 {name='bootstrapProperties-content-api.yaml,xuecheng-plus-project', properties={}}, BootstrapPropertySource@2067637471 {name='bootstrapProperties-content-api,xuecheng-plus-project', properties={}}, BootstrapPropertySource@1457542205 {name='bootstrapProperties-content-service-dev.yaml,xuecheng-plus-project', properties={spring.datasource.driver-class-name=com.mysql.cj.jdbc.Driver, spring.datasource.url=jdbc:mysql://192.168.101.65:3306/xcplus_content?serverTimezone=UTC&userUnicode=true&useSSL=false&, spring.datasource.username=root, spring.datasource.password=mysql}}, BootstrapPropertySource@498241338 {name='bootstrapProperties-logging-dev.yaml,xuecheng-plus-common', properties={logging.config=classpath:log4j2-dev.xml}}, BootstrapPropertySource@509551426 {name='bootstrapProperties-swagger-dev.yaml,xuecheng-plus-common', properties={swagger.title=学成在线项目接口文档, swagger.description=学成在线项目接口文档, swagger.base-package=com.xuecheng, swagger.enabled=true, swagger.version=1.0.0}}]
2023-07-27 23:00:00,653 INFO [restartedMain][PropertySourceBootstrapConfiguration.java:112] - Located property source: [BootstrapPropertySource@26824723 {name='bootstrapProperties-content-api-dev.yaml,xuecheng-plus-project', properties={server.servlet.context-path=/content, server.port=63040, spring.cloud.config.override-none=true}}, BootstrapPropertySource@916896015 {name='bootstrapProperties-content-api.yaml,xuecheng-plus-project', properties={}}, BootstrapPropertySource@2067637471 {name='bootstrapProperties-content-api,xuecheng-plus-project', properties={}}, BootstrapPropertySource@1457542205 {name='bootstrapProperties-content-service-dev.yaml,xuecheng-plus-project', properties={spring.datasource.driver-class-name=com.mysql.cj.jdbc.Driver, spring.datasource.url=jdbc:mysql://192.168.101.65:3306/xcplus_content?serverTimezone=UTC&userUnicode=true&useSSL=false&, spring.datasource.username=root, spring.datasource.password=mysql}}, BootstrapPropertySource@498241338 {name='bootstrapProperties-logging-dev.yaml,xuecheng-plus-common', properties={logging.config=classpath:log4j2-dev.xml}}, BootstrapPropertySource@509551426 {name='bootstrapProperties-swagger-dev.yaml,xuecheng-plus-common', properties={swagger.title=学成在线项目接口文档, swagger.description=学成在线项目接口文档, swagger.base-package=com.xuecheng, swagger.enabled=true, swagger.version=1.0.0}}]
2023-07-27 23:00:00,653 DEBUG [restartedMain][PropertySourcesPropertyResolver.java:115] - Found key 'logging.config' in PropertySource 'configurationProperties' with value of type String
2023-07-27 23:00:00,653 DEBUG [restartedMain][PropertySourcesPropertyResolver.java:115] - Found key 'logging.config' in PropertySource 'configurationProperties' with value of type String
2023-07-27 23:00:00,654 DEBUG [restartedMain][PropertySourcesPropertyResolver.java:115] - Found key 'logging.config' in PropertySource 'configurationProperties' with value of type String
2023-07-27 23:00:00,654 DEBUG [restartedMain][PropertySourcesPropertyResolver.java:115] - Found key 'logging.config' in PropertySource 'configurationProperties' with value of type String
2023-07-27 23:00:00,671 INFO [restartedMain][SpringApplication.java:655] - The following profiles are active: dev
2023-07-27 23:00:00,671 INFO [restartedMain][SpringApplication.java:655] - The following profiles are active: dev
2023-07-27 23:00:00,671 DEBUG [restartedMain][SpringApplication.java:679] - Loading source class com.xuecheng.ContentApplication,class org.springframework.cloud.bootstrap.BootstrapApplicationListener$BootstrapMarkerConfiguration
2023-07-27 23:00:00,671 DEBUG [restartedMain][SpringApplication.java:679] - Loading source class com.xuecheng.ContentApplication,class org.springframework.cloud.bootstrap.BootstrapApplicationListener$BootstrapMarkerConfiguration
2023-07-27 23:00:00,681 DEBUG [restartedMain][DeferredLog.java:222] - Activated activeProfiles dev
2023-07-27 23:00:00,681 DEBUG [restartedMain][DeferredLog.java:222] - Activated activeProfiles dev
2023-07-27 23:00:00,682 DEBUG [restartedMain][AbstractApplicationContext.java:596] - Refreshing org.springframework.boot.web.servlet.context.AnnotationConfigServletWebServerApplicationContext@21d0ec53
2023-07-27 23:00:00,682 DEBUG [restartedMain][AbstractApplicationContext.java:596] - Refreshing org.springframework.boot.web.servlet.context.AnnotationConfigServletWebServerApplicationContext@21d0ec53
2023-07-27 23:00:00,687 DEBUG [restartedMain][DefaultSingletonBeanRegistry.java:225] - Creating shared instance of singleton bean 'org.springframework.context.annotation.internalConfigurationAnnotationProcessor'
2023-07-27 23:00:00,687 DEBUG [restartedMain][DefaultSingletonBeanRegistry.java:225] - Creating shared instance of singleton bean 'org.springframework.context.annotation.internalConfigurationAnnotationProcessor'
2023-07-27 23:00:00,687 DEBUG [restartedMain][DefaultSingletonBeanRegistry.java:225] - Creating shared instance of singleton bean 'org.springframework.boot.autoconfigure.internalCachingMetadataReaderFactory'
2023-07-27 23:00:00,687 DEBUG [restartedMain][DefaultSingletonBeanRegistry.java:225] - Creating shared instance of singleton bean 'org.springframework.boot.autoconfigure.internalCachingMetadataReaderFactory'
2023-07-27 23:00:00,708 DEBUG [restartedMain][ClassPathScanningCandidateComponentProvider.java:435] - Identified candidate component class: file [D:\project\xuecheng-plus-content\xuecheng-plus-content-api\target\classes\com\xuecheng\content\api\CourseBaseInfoController.class]
2023-07-27 23:00:00,708 DEBUG [restartedMain][ClassPathScanningCandidateComponentProvider.java:435] - Identified candidate component class: file [D:\project\xuecheng-plus-content\xuecheng-plus-content-api\target\classes\com\xuecheng\content\api\CourseBaseInfoController.class]
2023-07-27 23:00:00,709 DEBUG [restartedMain][ClassPathScanningCandidateComponentProvider.java:435] - Identified candidate component class: file [D:\project\xuecheng-plus-content\xuecheng-plus-content-api\target\classes\com\xuecheng\content\api\CourseCategoryController.class]
2023-07-27 23:00:00,709 DEBUG [restartedMain][ClassPathScanningCandidateComponentProvider.java:435] - Identified candidate component class: file [D:\project\xuecheng-plus-content\xuecheng-plus-content-api\target\classes\com\xuecheng\content\api\CourseCategoryController.class]
2023-07-27 23:00:00,710 DEBUG [restartedMain][ClassPathScanningCandidateComponentProvider.java:435] - Identified candidate component class: file [D:\project\xuecheng-plus-content\xuecheng-plus-content-api\target\classes\com\xuecheng\content\api\CourseTeacherController.class]
2023-07-27 23:00:00,710 DEBUG [restartedMain][ClassPathScanningCandidateComponentProvider.java:435] - Identified candidate component class: file [D:\project\xuecheng-plus-content\xuecheng-plus-content-api\target\classes\com\xuecheng\content\api\CourseTeacherController.class]
2023-07-27 23:00:00,710 DEBUG [restartedMain][ClassPathScanningCandidateComponentProvider.java:435] - Identified candidate component class: file [D:\project\xuecheng-plus-content\xuecheng-plus-content-api\target\classes\com\xuecheng\content\api\TeachPlanController.class]
2023-07-27 23:00:00,710 DEBUG [restartedMain][ClassPathScanningCandidateComponentProvider.java:435] - Identified candidate component class: file [D:\project\xuecheng-plus-content\xuecheng-plus-content-api\target\classes\com\xuecheng\content\api\TeachPlanController.class]
2023-07-27 23:00:00,714 DEBUG [restartedMain][ClassPathScanningCandidateComponentProvider.java:435] - Identified candidate component class: file [D:\project\xuecheng-plus-content\xuecheng-plus-content-service\target\classes\com\xuecheng\content\config\MybatisPlusConfig.class]
2023-07-27 23:00:00,714 DEBUG [restartedMain][ClassPathScanningCandidateComponentProvider.java:435] - Identified candidate component class: file [D:\project\xuecheng-plus-content\xuecheng-plus-content-service\target\classes\com\xuecheng\content\config\MybatisPlusConfig.class]
2023-07-27 23:00:00,718 DEBUG [restartedMain][ClassPathScanningCandidateComponentProvider.java:435] - Identified candidate component class: file [D:\project\xuecheng-plus-content\xuecheng-plus-content-service\target\classes\com\xuecheng\content\service\impl\CourseBaseInfoServiceImpl.class]
2023-07-27 23:00:00,718 DEBUG [restartedMain][ClassPathScanningCandidateComponentProvider.java:435] - Identified candidate component class: file [D:\project\xuecheng-plus-content\xuecheng-plus-content-service\target\classes\com\xuecheng\content\service\impl\CourseBaseInfoServiceImpl.class]
2023-07-27 23:00:00,718 DEBUG [restartedMain][ClassPathScanningCandidateComponentProvider.java:435] - Identified candidate component class: file [D:\project\xuecheng-plus-content\xuecheng-plus-content-service\target\classes\com\xuecheng\content\service\impl\CourseCategoryServiceImpl.class]
2023-07-27 23:00:00,718 DEBUG [restartedMain][ClassPathScanningCandidateComponentProvider.java:435] - Identified candidate component class: file [D:\project\xuecheng-plus-content\xuecheng-plus-content-service\target\classes\com\xuecheng\content\service\impl\CourseCategoryServiceImpl.class]
2023-07-27 23:00:00,719 DEBUG [restartedMain][ClassPathScanningCandidateComponentProvider.java:435] - Identified candidate component class: file [D:\project\xuecheng-plus-content\xuecheng-plus-content-service\target\classes\com\xuecheng\content\service\impl\TeachPlanServiceImpl.class]
2023-07-27 23:00:00,719 DEBUG [restartedMain][ClassPathScanningCandidateComponentProvider.java:435] - Identified candidate component class: file [D:\project\xuecheng-plus-content\xuecheng-plus-content-service\target\classes\com\xuecheng\content\service\impl\TeachPlanServiceImpl.class]
2023-07-27 23:00:00,719 DEBUG [restartedMain][ClassPathScanningCandidateComponentProvider.java:435] - Identified candidate component class: file [D:\project\xuecheng-plus-content\xuecheng-plus-content-service\target\classes\com\xuecheng\content\service\impl\TeacherInfoServiceImpl.class]
2023-07-27 23:00:00,719 DEBUG [restartedMain][ClassPathScanningCandidateComponentProvider.java:435] - Identified candidate component class: file [D:\project\xuecheng-plus-content\xuecheng-plus-content-service\target\classes\com\xuecheng\content\service\impl\TeacherInfoServiceImpl.class]
2023-07-27 23:00:00,730 DEBUG [restartedMain][ClassPathScanningCandidateComponentProvider.java:435] - Identified candidate component class: file [D:\project\xuecheng-plus-base\target\classes\com\xuecheng\base\exception\GlobalExceptionHandler.class]
2023-07-27 23:00:00,730 DEBUG [restartedMain][ClassPathScanningCandidateComponentProvider.java:435] - Identified candidate component class: file [D:\project\xuecheng-plus-base\target\classes\com\xuecheng\base\exception\GlobalExceptionHandler.class]
2023-07-27 23:00:00,744 DEBUG [restartedMain][PropertySourcesPropertyResolver.java:115] - Found key 'swagger.enabled' in PropertySource 'configurationProperties' with value of type Boolean
2023-07-27 23:00:00,744 DEBUG [restartedMain][PropertySourcesPropertyResolver.java:115] - Found key 'swagger.enabled' in PropertySource 'configurationProperties' with value of type Boolean
2023-07-27 23:00:00,751 DEBUG [restartedMain][ClassPathScanningCandidateComponentProvider.java:435] - Identified candidate component class: URL [jar:file:/D:/studyAppRelation/apache-maven-3.8.1/repository/io/springfox/springfox-swagger2/2.9.2/springfox-swagger2-2.9.2.jar!/springfox/documentation/swagger2/mappers/ServiceModelToSwagger2MapperImpl.class]
2023-07-27 23:00:00,751 DEBUG [restartedMain][ClassPathScanningCandidateComponentProvider.java:435] - Identified candidate component class: URL [jar:file:/D:/studyAppRelation/apache-maven-3.8.1/repository/io/springfox/springfox-swagger2/2.9.2/springfox-swagger2-2.9.2.jar!/springfox/documentation/swagger2/mappers/ServiceModelToSwagger2MapperImpl.class]
2023-07-27 23:00:00,752 DEBUG [restartedMain][ClassPathScanningCandidateComponentProvider.java:435] - Identified candidate component class: URL [jar:file:/D:/studyAppRelation/apache-maven-3.8.1/repository/io/springfox/springfox-swagger2/2.9.2/springfox-swagger2-2.9.2.jar!/springfox/documentation/swagger2/mappers/VendorExtensionsMapperImpl.class]
2023-07-27 23:00:00,752 DEBUG [restartedMain][ClassPathScanningCandidateComponentProvider.java:435] - Identified candidate component class: URL [jar:file:/D:/studyAppRelation/apache-maven-3.8.1/repository/io/springfox/springfox-swagger2/2.9.2/springfox-swagger2-2.9.2.jar!/springfox/documentation/swagger2/mappers/VendorExtensionsMapperImpl.class]
2023-07-27 23:00:00,759 DEBUG [restartedMain][ClassPathScanningCandidateComponentProvider.java:435] - Identified candidate component class: URL [jar:file:/D:/studyAppRelation/apache-maven-3.8.1/repository/io/springfox/springfox-swagger2/2.9.2/springfox-swagger2-2.9.2.jar!/springfox/documentation/swagger2/mappers/ParameterMapperImpl.class]
2023-07-27 23:00:00,759 DEBUG [restartedMain][ClassPathScanningCandidateComponentProvider.java:435] - Identified candidate component class: URL [jar:file:/D:/studyAppRelation/apache-maven-3.8.1/repository/io/springfox/springfox-swagger2/2.9.2/springfox-swagger2-2.9.2.jar!/springfox/documentation/swagger2/mappers/ParameterMapperImpl.class]
2023-07-27 23:00:00,760 DEBUG [restartedMain][ClassPathScanningCandidateComponentProvider.java:435] - Identified candidate component class: URL [jar:file:/D:/studyAppRelation/apache-maven-3.8.1/repository/io/springfox/springfox-swagger2/2.9.2/springfox-swagger2-2.9.2.jar!/springfox/documentation/swagger2/mappers/ModelMapperImpl.class]
2023-07-27 23:00:00,760 DEBUG [restartedMain][ClassPathScanningCandidateComponentProvider.java:435] - Identified candidate component class: URL [jar:file:/D:/studyAppRelation/apache-maven-3.8.1/repository/io/springfox/springfox-swagger2/2.9.2/springfox-swagger2-2.9.2.jar!/springfox/documentation/swagger2/mappers/ModelMapperImpl.class]
2023-07-27 23:00:00,762 DEBUG [restartedMain][ClassPathScanningCandidateComponentProvider.java:435] - Identified candidate component class: URL [jar:file:/D:/studyAppRelation/apache-maven-3.8.1/repository/io/springfox/springfox-swagger2/2.9.2/springfox-swagger2-2.9.2.jar!/springfox/documentation/swagger2/mappers/LicenseMapperImpl.class]
2023-07-27 23:00:00,762 DEBUG [restartedMain][ClassPathScanningCandidateComponentProvider.java:435] - Identified candidate component class: URL [jar:file:/D:/studyAppRelation/apache-maven-3.8.1/repository/io/springfox/springfox-swagger2/2.9.2/springfox-swagger2-2.9.2.jar!/springfox/documentation/swagger2/mappers/LicenseMapperImpl.class]
2023-07-27 23:00:00,763 DEBUG [restartedMain][ClassPathScanningCandidateComponentProvider.java:435] - Identified candidate component class: URL [jar:file:/D:/studyAppRelation/apache-maven-3.8.1/repository/io/springfox/springfox-swagger2/2.9.2/springfox-swagger2-2.9.2.jar!/springfox/documentation/swagger2/mappers/SecurityMapperImpl.class]
2023-07-27 23:00:00,763 DEBUG [restartedMain][ClassPathScanningCandidateComponentProvider.java:435] - Identified candidate component class: URL [jar:file:/D:/studyAppRelation/apache-maven-3.8.1/repository/io/springfox/springfox-swagger2/2.9.2/springfox-swagger2-2.9.2.jar!/springfox/documentation/swagger2/mappers/SecurityMapperImpl.class]
2023-07-27 23:00:00,777 DEBUG [restartedMain][ClassPathScanningCandidateComponentProvider.java:435] - Identified candidate component class: URL [jar:file:/D:/studyAppRelation/apache-maven-3.8.1/repository/io/springfox/springfox-spring-web/2.9.2/springfox-spring-web-2.9.2.jar!/springfox/documentation/spring/web/scanners/ApiListingReferenceScanner.class]
2023-07-27 23:00:00,777 DEBUG [restartedMain][ClassPathScanningCandidateComponentProvider.java:435] - Identified candidate component class: URL [jar:file:/D:/studyAppRelation/apache-maven-3.8.1/repository/io/springfox/springfox-spring-web/2.9.2/springfox-spring-web-2.9.2.jar!/springfox/documentation/spring/web/scanners/ApiListingReferenceScanner.class]
2023-07-27 23:00:00,777 DEBUG [restartedMain][ClassPathScanningCandidateComponentProvider.java:435] - Identified candidate component class: URL [jar:file:/D:/studyAppRelation/apache-maven-3.8.1/repository/io/springfox/springfox-spring-web/2.9.2/springfox-spring-web-2.9.2.jar!/springfox/documentation/spring/web/scanners/ApiDocumentationScanner.class]
2023-07-27 23:00:00,777 DEBUG [restartedMain][ClassPathScanningCandidateComponentProvider.java:435] - Identified candidate component class: URL [jar:file:/D:/studyAppRelation/apache-maven-3.8.1/repository/io/springfox/springfox-spring-web/2.9.2/springfox-spring-web-2.9.2.jar!/springfox/documentation/spring/web/scanners/ApiDocumentationScanner.class]
2023-07-27 23:00:00,778 DEBUG [restartedMain][ClassPathScanningCandidateComponentProvider.java:435] - Identified candidate component class: URL [jar:file:/D:/studyAppRelation/apache-maven-3.8.1/repository/io/springfox/springfox-spring-web/2.9.2/springfox-spring-web-2.9.2.jar!/springfox/documentation/spring/web/scanners/ApiDescriptionReader.class]
2023-07-27 23:00:00,778 DEBUG [restartedMain][ClassPathScanningCandidateComponentProvider.java:435] - Identified candidate component class: URL [jar:file:/D:/studyAppRelation/apache-maven-3.8.1/repository/io/springfox/springfox-spring-web/2.9.2/springfox-spring-web-2.9.2.jar!/springfox/documentation/spring/web/scanners/ApiDescriptionReader.class]
2023-07-27 23:00:00,778 DEBUG [restartedMain][ClassPathScanningCandidateComponentProvider.java:435] - Identified candidate component class: URL [jar:file:/D:/studyAppRelation/apache-maven-3.8.1/repository/io/springfox/springfox-spring-web/2.9.2/springfox-spring-web-2.9.2.jar!/springfox/documentation/spring/web/scanners/ApiListingReader.class]
2023-07-27 23:00:00,778 DEBUG [restartedMain][ClassPathScanningCandidateComponentProvider.java:435] - Identified candidate component class: URL [jar:file:/D:/studyAppRelation/apache-maven-3.8.1/repository/io/springfox/springfox-spring-web/2.9.2/springfox-spring-web-2.9.2.jar!/springfox/documentation/spring/web/scanners/ApiListingReader.class]
2023-07-27 23:00:00,779 DEBUG [restartedMain][ClassPathScanningCandidateComponentProvider.java:435] - Identified candidate component class: URL [jar:file:/D:/studyAppRelation/apache-maven-3.8.1/repository/io/springfox/springfox-spring-web/2.9.2/springfox-spring-web-2.9.2.jar!/springfox/documentation/spring/web/scanners/CachingOperationReader.class]
2023-07-27 23:00:00,779 DEBUG [restartedMain][ClassPathScanningCandidateComponentProvider.java:435] - Identified candidate component class: URL [jar:file:/D:/studyAppRelation/apache-maven-3.8.1/repository/io/springfox/springfox-spring-web/2.9.2/springfox-spring-web-2.9.2.jar!/springfox/documentation/spring/web/scanners/CachingOperationReader.class]
2023-07-27 23:00:00,779 DEBUG [restartedMain][ClassPathScanningCandidateComponentProvider.java:435] - Identified candidate component class: URL [jar:file:/D:/studyAppRelation/apache-maven-3.8.1/repository/io/springfox/springfox-spring-web/2.9.2/springfox-spring-web-2.9.2.jar!/springfox/documentation/spring/web/scanners/MediaTypeReader.class]
2023-07-27 23:00:00,779 DEBUG [restartedMain][ClassPathScanningCandidateComponentProvider.java:435] - Identified candidate component class: URL [jar:file:/D:/studyAppRelation/apache-maven-3.8.1/repository/io/springfox/springfox-spring-web/2.9.2/springfox-spring-web-2.9.2.jar!/springfox/documentation/spring/web/scanners/MediaTypeReader.class]
2023-07-27 23:00:00,780 DEBUG [restartedMain][ClassPathScanningCandidateComponentProvider.java:435] - Identified candidate component class: URL [jar:file:/D:/studyAppRelation/apache-maven-3.8.1/repository/io/springfox/springfox-spring-web/2.9.2/springfox-spring-web-2.9.2.jar!/springfox/documentation/spring/web/scanners/ApiListingScanner.class]
2023-07-27 23:00:00,780 DEBUG [restartedMain][ClassPathScanningCandidateComponentProvider.java:435] - Identified candidate component class: URL [jar:file:/D:/studyAppRelation/apache-maven-3.8.1/repository/io/springfox/springfox-spring-web/2.9.2/springfox-spring-web-2.9.2.jar!/springfox/documentation/spring/web/scanners/ApiListingScanner.class]
2023-07-27 23:00:00,780 DEBUG [restartedMain][ClassPathScanningCandidateComponentProvider.java:435] - Identified candidate component class: URL [jar:file:/D:/studyAppRelation/apache-maven-3.8.1/repository/io/springfox/springfox-spring-web/2.9.2/springfox-spring-web-2.9.2.jar!/springfox/documentation/spring/web/scanners/ApiModelReader.class]
2023-07-27 23:00:00,780 DEBUG [restartedMain][ClassPathScanningCandidateComponentProvider.java:435] - Identified candidate component class: URL [jar:file:/D:/studyAppRelation/apache-maven-3.8.1/repository/io/springfox/springfox-spring-web/2.9.2/springfox-spring-web-2.9.2.jar!/springfox/documentation/spring/web/scanners/ApiModelReader.class]
2023-07-27 23:00:00,782 DEBUG [restartedMain][ClassPathScanningCandidateComponentProvider.java:435] - Identified candidate component class: URL [jar:file:/D:/studyAppRelation/apache-maven-3.8.1/repository/io/springfox/springfox-spring-web/2.9.2/springfox-spring-web-2.9.2.jar!/springfox/documentation/spring/web/scanners/ApiDescriptionLookup.class]
2023-07-27 23:00:00,782 DEBUG [restartedMain][ClassPathScanningCandidateComponentProvider.java:435] - Identified candidate component class: URL [jar:file:/D:/studyAppRelation/apache-maven-3.8.1/repository/io/springfox/springfox-spring-web/2.9.2/springfox-spring-web-2.9.2.jar!/springfox/documentation/spring/web/scanners/ApiDescriptionLookup.class]
2023-07-27 23:00:00,783 DEBUG [restartedMain][ClassPathScanningCandidateComponentProvider.java:435] - Identified candidate component class: URL [jar:file:/D:/studyAppRelation/apache-maven-3.8.1/repository/io/springfox/springfox-spring-web/2.9.2/springfox-spring-web-2.9.2.jar!/springfox/documentation/spring/web/readers/operation/OperationModelsProvider.class]
2023-07-27 23:00:00,783 DEBUG [restartedMain][ClassPathScanningCandidateComponentProvider.java:435] - Identified candidate component class: URL [jar:file:/D:/studyAppRelation/apache-maven-3.8.1/repository/io/springfox/springfox-spring-web/2.9.2/springfox-spring-web-2.9.2.jar!/springfox/documentation/spring/web/readers/operation/OperationModelsProvider.class]
2023-07-27 23:00:00,784 DEBUG [restartedMain][ClassPathScanningCandidateComponentProvider.java:435] - Identified candidate component class: URL [jar:file:/D:/studyAppRelation/apache-maven-3.8.1/repository/io/springfox/springfox-spring-web/2.9.2/springfox-spring-web-2.9.2.jar!/springfox/documentation/spring/web/readers/operation/OperationDeprecatedReader.class]
2023-07-27 23:00:00,784 DEBUG [restartedMain][ClassPathScanningCandidateComponentProvider.java:435] - Identified candidate component class: URL [jar:file:/D:/studyAppRelation/apache-maven-3.8.1/repository/io/springfox/springfox-spring-web/2.9.2/springfox-spring-web-2.9.2.jar!/springfox/documentation/spring/web/readers/operation/OperationDeprecatedReader.class]
2023-07-27 23:00:00,784 DEBUG [restartedMain][ClassPathScanningCandidateComponentProvider.java:435] - Identified candidate component class: URL [jar:file:/D:/studyAppRelation/apache-maven-3.8.1/repository/io/springfox/springfox-spring-web/2.9.2/springfox-spring-web-2.9.2.jar!/springfox/documentation/spring/web/readers/operation/ResponseMessagesReader.class]
2023-07-27 23:00:00,784 DEBUG [restartedMain][ClassPathScanningCandidateComponentProvider.java:435] - Identified candidate component class: URL [jar:file:/D:/studyAppRelation/apache-maven-3.8.1/repository/io/springfox/springfox-spring-web/2.9.2/springfox-spring-web-2.9.2.jar!/springfox/documentation/spring/web/readers/operation/ResponseMessagesReader.class]
2023-07-27 23:00:00,785 DEBUG [restartedMain][ClassPathScanningCandidateComponentProvider.java:435] - Identified candidate component class: URL [jar:file:/D:/studyAppRelation/apache-maven-3.8.1/repository/io/springfox/springfox-spring-web/2.9.2/springfox-spring-web-2.9.2.jar!/springfox/documentation/spring/web/readers/operation/OperationParameterReader.class]
2023-07-27 23:00:00,785 DEBUG [restartedMain][ClassPathScanningCandidateComponentProvider.java:435] - Identified candidate component class: URL [jar:file:/D:/studyAppRelation/apache-maven-3.8.1/repository/io/springfox/springfox-spring-web/2.9.2/springfox-spring-web-2.9.2.jar!/springfox/documentation/spring/web/readers/operation/OperationParameterReader.class]
2023-07-27 23:00:00,786 DEBUG [restartedMain][ClassPathScanningCandidateComponentProvider.java:435] - Identified candidate component class: URL [jar:file:/D:/studyAppRelation/apache-maven-3.8.1/repository/io/springfox/springfox-spring-web/2.9.2/springfox-spring-web-2.9.2.jar!/springfox/documentation/spring/web/readers/operation/DefaultTagsProvider.class]
2023-07-27 23:00:00,786 DEBUG [restartedMain][ClassPathScanningCandidateComponentProvider.java:435] - Identified candidate component class: URL [jar:file:/D:/studyAppRelation/apache-maven-3.8.1/repository/io/springfox/springfox-spring-web/2.9.2/springfox-spring-web-2.9.2.jar!/springfox/documentation/spring/web/readers/operation/DefaultTagsProvider.class]
2023-07-27 23:00:00,786 DEBUG [restartedMain][ClassPathScanningCandidateComponentProvider.java:435] - Identified candidate component class: URL [jar:file:/D:/studyAppRelation/apache-maven-3.8.1/repository/io/springfox/springfox-spring-web/2.9.2/springfox-spring-web-2.9.2.jar!/springfox/documentation/spring/web/readers/operation/OperationTagsReader.class]
2023-07-27 23:00:00,786 DEBUG [restartedMain][ClassPathScanningCandidateComponentProvider.java:435] - Identified candidate component class: URL [jar:file:/D:/studyAppRelation/apache-maven-3.8.1/repository/io/springfox/springfox-spring-web/2.9.2/springfox-spring-web-2.9.2.jar!/springfox/documentation/spring/web/readers/operation/OperationTagsReader.class]
2023-07-27 23:00:00,789 DEBUG [restartedMain][ClassPathScanningCandidateComponentProvider.java:435] - Identified candidate component class: URL [jar:file:/D:/studyAppRelation/apache-maven-3.8.1/repository/io/springfox/springfox-spring-web/2.9.2/springfox-spring-web-2.9.2.jar!/springfox/documentation/spring/web/readers/operation/ApiOperationReader.class]
2023-07-27 23:00:00,789 DEBUG [restartedMain][ClassPathScanningCandidateComponentProvider.java:435] - Identified candidate component class: URL [jar:file:/D:/studyAppRelation/apache-maven-3.8.1/repository/io/springfox/springfox-spring-web/2.9.2/springfox-spring-web-2.9.2.jar!/springfox/documentation/spring/web/readers/operation/ApiOperationReader.class]
2023-07-27 23:00:00,789 DEBUG [restartedMain][ClassPathScanningCandidateComponentProvider.java:435] - Identified candidate component class: URL [jar:file:/D:/studyAppRelation/apache-maven-3.8.1/repository/io/springfox/springfox-spring-web/2.9.2/springfox-spring-web-2.9.2.jar!/springfox/documentation/spring/web/readers/operation/DefaultOperationReader.class]
2023-07-27 23:00:00,789 DEBUG [restartedMain][ClassPathScanningCandidateComponentProvider.java:435] - Identified candidate component class: URL [jar:file:/D:/studyAppRelation/apache-maven-3.8.1/repository/io/springfox/springfox-spring-web/2.9.2/springfox-spring-web-2.9.2.jar!/springfox/documentation/spring/web/readers/operation/DefaultOperationReader.class]
2023-07-27 23:00:00,790 DEBUG [restartedMain][ClassPathScanningCandidateComponentProvider.java:435] - Identified candidate component class: URL [jar:file:/D:/studyAppRelation/apache-maven-3.8.1/repository/io/springfox/springfox-spring-web/2.9.2/springfox-spring-web-2.9.2.jar!/springfox/documentation/spring/web/readers/operation/OperationParameterRequestConditionReader.class]
2023-07-27 23:00:00,790 DEBUG [restartedMain][ClassPathScanningCandidateComponentProvider.java:435] - Identified candidate component class: URL [jar:file:/D:/studyAppRelation/apache-maven-3.8.1/repository/io/springfox/springfox-spring-web/2.9.2/springfox-spring-web-2.9.2.jar!/springfox/documentation/spring/web/readers/operation/OperationParameterRequestConditionReader.class]
2023-07-27 23:00:00,791 DEBUG [restartedMain][ClassPathScanningCandidateComponentProvider.java:435] - Identified candidate component class: URL [jar:file:/D:/studyAppRelation/apache-maven-3.8.1/repository/io/springfox/springfox-spring-web/2.9.2/springfox-spring-web-2.9.2.jar!/springfox/documentation/spring/web/readers/operation/OperationParameterHeadersConditionReader.class]
2023-07-27 23:00:00,791 DEBUG [restartedMain][ClassPathScanningCandidateComponentProvider.java:435] - Identified candidate component class: URL [jar:file:/D:/studyAppRelation/apache-maven-3.8.1/repository/io/springfox/springfox-spring-web/2.9.2/springfox-spring-web-2.9.2.jar!/springfox/documentation/spring/web/readers/operation/OperationParameterHeadersConditionReader.class]
2023-07-27 23:00:00,791 DEBUG [restartedMain][ClassPathScanningCandidateComponentProvider.java:435] - Identified candidate component class: URL [jar:file:/D:/studyAppRelation/apache-maven-3.8.1/repository/io/springfox/springfox-spring-web/2.9.2/springfox-spring-web-2.9.2.jar!/springfox/documentation/spring/web/readers/operation/OperationResponseClassReader.class]
2023-07-27 23:00:00,791 DEBUG [restartedMain][ClassPathScanningCandidateComponentProvider.java:435] - Identified candidate component class: URL [jar:file:/D:/studyAppRelation/apache-maven-3.8.1/repository/io/springfox/springfox-spring-web/2.9.2/springfox-spring-web-2.9.2.jar!/springfox/documentation/spring/web/readers/operation/OperationResponseClassReader.class]
2023-07-27 23:00:00,792 DEBUG [restartedMain][ClassPathScanningCandidateComponentProvider.java:435] - Identified candidate component class: URL [jar:file:/D:/studyAppRelation/apache-maven-3.8.1/repository/io/springfox/springfox-spring-web/2.9.2/springfox-spring-web-2.9.2.jar!/springfox/documentation/spring/web/readers/operation/CachingOperationNameGenerator.class]
2023-07-27 23:00:00,792 DEBUG [restartedMain][ClassPathScanningCandidateComponentProvider.java:435] - Identified candidate component class: URL [jar:file:/D:/studyAppRelation/apache-maven-3.8.1/repository/io/springfox/springfox-spring-web/2.9.2/springfox-spring-web-2.9.2.jar!/springfox/documentation/spring/web/readers/operation/CachingOperationNameGenerator.class]
2023-07-27 23:00:00,795 DEBUG [restartedMain][ClassPathScanningCandidateComponentProvider.java:435] - Identified candidate component class: URL [jar:file:/D:/studyAppRelation/apache-maven-3.8.1/repository/io/springfox/springfox-spring-web/2.9.2/springfox-spring-web-2.9.2.jar!/springfox/documentation/spring/web/readers/parameter/ParameterMultiplesReader.class]
2023-07-27 23:00:00,795 DEBUG [restartedMain][ClassPathScanningCandidateComponentProvider.java:435] - Identified candidate component class: URL [jar:file:/D:/studyAppRelation/apache-maven-3.8.1/repository/io/springfox/springfox-spring-web/2.9.2/springfox-spring-web-2.9.2.jar!/springfox/documentation/spring/web/readers/parameter/ParameterMultiplesReader.class]
2023-07-27 23:00:00,796 DEBUG [restartedMain][ClassPathScanningCandidateComponentProvider.java:435] - Identified candidate component class: URL [jar:file:/D:/studyAppRelation/apache-maven-3.8.1/repository/io/springfox/springfox-spring-web/2.9.2/springfox-spring-web-2.9.2.jar!/springfox/documentation/spring/web/readers/parameter/ModelAttributeParameterExpander.class]
2023-07-27 23:00:00,796 DEBUG [restartedMain][ClassPathScanningCandidateComponentProvider.java:435] - Identified candidate component class: URL [jar:file:/D:/studyAppRelation/apache-maven-3.8.1/repository/io/springfox/springfox-spring-web/2.9.2/springfox-spring-web-2.9.2.jar!/springfox/documentation/spring/web/readers/parameter/ModelAttributeParameterExpander.class]
2023-07-27 23:00:00,797 DEBUG [restartedMain][ClassPathScanningCandidateComponentProvider.java:435] - Identified candidate component class: URL [jar:file:/D:/studyAppRelation/apache-maven-3.8.1/repository/io/springfox/springfox-spring-web/2.9.2/springfox-spring-web-2.9.2.jar!/springfox/documentation/spring/web/readers/parameter/ParameterTypeReader.class]
2023-07-27 23:00:00,797 DEBUG [restartedMain][ClassPathScanningCandidateComponentProvider.java:435] - Identified candidate component class: URL [jar:file:/D:/studyAppRelation/apache-maven-3.8.1/repository/io/springfox/springfox-spring-web/2.9.2/springfox-spring-web-2.9.2.jar!/springfox/documentation/spring/web/readers/parameter/ParameterTypeReader.class]
2023-07-27 23:00:00,798 DEBUG [restartedMain][ClassPathScanningCandidateComponentProvider.java:435] - Identified candidate component class: URL [jar:file:/D:/studyAppRelation/apache-maven-3.8.1/repository/io/springfox/springfox-spring-web/2.9.2/springfox-spring-web-2.9.2.jar!/springfox/documentation/spring/web/readers/parameter/ParameterRequiredReader.class]
2023-07-27 23:00:00,798 DEBUG [restartedMain][ClassPathScanningCandidateComponentProvider.java:435] - Identified candidate component class: URL [jar:file:/D:/studyAppRelation/apache-maven-3.8.1/repository/io/springfox/springfox-spring-web/2.9.2/springfox-spring-web-2.9.2.jar!/springfox/documentation/spring/web/readers/parameter/ParameterRequiredReader.class]
2023-07-27 23:00:00,801 DEBUG [restartedMain][ClassPathScanningCandidateComponentProvider.java:435] - Identified candidate component class: URL [jar:file:/D:/studyAppRelation/apache-maven-3.8.1/repository/io/springfox/springfox-spring-web/2.9.2/springfox-spring-web-2.9.2.jar!/springfox/documentation/spring/web/readers/parameter/ParameterDataTypeReader.class]
2023-07-27 23:00:00,801 DEBUG [restartedMain][ClassPathScanningCandidateComponentProvider.java:435] - Identified candidate component class: URL [jar:file:/D:/studyAppRelation/apache-maven-3.8.1/repository/io/springfox/springfox-spring-web/2.9.2/springfox-spring-web-2.9.2.jar!/springfox/documentation/spring/web/readers/parameter/ParameterDataTypeReader.class]
2023-07-27 23:00:00,801 DEBUG [restartedMain][ClassPathScanningCandidateComponentProvider.java:435] - Identified candidate component class: URL [jar:file:/D:/studyAppRelation/apache-maven-3.8.1/repository/io/springfox/springfox-spring-web/2.9.2/springfox-spring-web-2.9.2.jar!/springfox/documentation/spring/web/readers/parameter/ParameterDefaultReader.class]
2023-07-27 23:00:00,801 DEBUG [restartedMain][ClassPathScanningCandidateComponentProvider.java:435] - Identified candidate component class: URL [jar:file:/D:/studyAppRelation/apache-maven-3.8.1/repository/io/springfox/springfox-spring-web/2.9.2/springfox-spring-web-2.9.2.jar!/springfox/documentation/spring/web/readers/parameter/ParameterDefaultReader.class]
2023-07-27 23:00:00,802 DEBUG [restartedMain][ClassPathScanningCandidateComponentProvider.java:435] - Identified candidate component class: URL [jar:file:/D:/studyAppRelation/apache-maven-3.8.1/repository/io/springfox/springfox-spring-web/2.9.2/springfox-spring-web-2.9.2.jar!/springfox/documentation/spring/web/readers/parameter/ParameterNameReader.class]
2023-07-27 23:00:00,802 DEBUG [restartedMain][ClassPathScanningCandidateComponentProvider.java:435] - Identified candidate component class: URL [jar:file:/D:/studyAppRelation/apache-maven-3.8.1/repository/io/springfox/springfox-spring-web/2.9.2/springfox-spring-web-2.9.2.jar!/springfox/documentation/spring/web/readers/parameter/ParameterNameReader.class]
2023-07-27 23:00:00,802 DEBUG [restartedMain][ClassPathScanningCandidateComponentProvider.java:435] - Identified candidate component class: URL [jar:file:/D:/studyAppRelation/apache-maven-3.8.1/repository/io/springfox/springfox-spring-web/2.9.2/springfox-spring-web-2.9.2.jar!/springfox/documentation/spring/web/readers/parameter/ExpandedParameterBuilder.class]
2023-07-27 23:00:00,802 DEBUG [restartedMain][ClassPathScanningCandidateComponentProvider.java:435] - Identified candidate component class: URL [jar:file:/D:/studyAppRelation/apache-maven-3.8.1/repository/io/springfox/springfox-spring-web/2.9.2/springfox-spring-web-2.9.2.jar!/springfox/documentation/spring/web/readers/parameter/ExpandedParameterBuilder.class]
2023-07-27 23:00:00,806 DEBUG [restartedMain][ClassPathScanningCandidateComponentProvider.java:435] - Identified candidate component class: URL [jar:file:/D:/studyAppRelation/apache-maven-3.8.1/repository/io/springfox/springfox-spring-web/2.9.2/springfox-spring-web-2.9.2.jar!/springfox/documentation/spring/web/plugins/DocumentationPluginsBootstrapper.class]
2023-07-27 23:00:00,806 DEBUG [restartedMain][ClassPathScanningCandidateComponentProvider.java:435] - Identified candidate component class: URL [jar:file:/D:/studyAppRelation/apache-maven-3.8.1/repository/io/springfox/springfox-spring-web/2.9.2/springfox-spring-web-2.9.2.jar!/springfox/documentation/spring/web/plugins/DocumentationPluginsBootstrapper.class]
2023-07-27 23:00:00,808 DEBUG [restartedMain][ClassPathScanningCandidateComponentProvider.java:435] - Identified candidate component class: URL [jar:file:/D:/studyAppRelation/apache-maven-3.8.1/repository/io/springfox/springfox-spring-web/2.9.2/springfox-spring-web-2.9.2.jar!/springfox/documentation/spring/web/plugins/WebMvcRequestHandlerProvider.class]
2023-07-27 23:00:00,808 DEBUG [restartedMain][ClassPathScanningCandidateComponentProvider.java:435] - Identified candidate component class: URL [jar:file:/D:/studyAppRelation/apache-maven-3.8.1/repository/io/springfox/springfox-spring-web/2.9.2/springfox-spring-web-2.9.2.jar!/springfox/documentation/spring/web/plugins/WebMvcRequestHandlerProvider.class]
2023-07-27 23:00:00,808 DEBUG [restartedMain][ClassPathScanningCandidateComponentProvider.java:435] - Identified candidate component class: URL [jar:file:/D:/studyAppRelation/apache-maven-3.8.1/repository/io/springfox/springfox-spring-web/2.9.2/springfox-spring-web-2.9.2.jar!/springfox/documentation/spring/web/plugins/DocumentationPluginsManager.class]
2023-07-27 23:00:00,808 DEBUG [restartedMain][ClassPathScanningCandidateComponentProvider.java:435] - Identified candidate component class: URL [jar:file:/D:/studyAppRelation/apache-maven-3.8.1/repository/io/springfox/springfox-spring-web/2.9.2/springfox-spring-web-2.9.2.jar!/springfox/documentation/spring/web/plugins/DocumentationPluginsManager.class]
2023-07-27 23:00:00,811 DEBUG [restartedMain][ClassPathScanningCandidateComponentProvider.java:435] - Identified candidate component class: URL [jar:file:/D:/studyAppRelation/apache-maven-3.8.1/repository/io/springfox/springfox-spring-web/2.9.2/springfox-spring-web-2.9.2.jar!/springfox/documentation/spring/web/paths/QueryStringUriTemplateDecorator.class]
2023-07-27 23:00:00,811 DEBUG [restartedMain][ClassPathScanningCandidateComponentProvider.java:435] - Identified candidate component class: URL [jar:file:/D:/studyAppRelation/apache-maven-3.8.1/repository/io/springfox/springfox-spring-web/2.9.2/springfox-spring-web-2.9.2.jar!/springfox/documentation/spring/web/paths/QueryStringUriTemplateDecorator.class]
2023-07-27 23:00:00,812 DEBUG [restartedMain][ClassPathScanningCandidateComponentProvider.java:435] - Identified candidate component class: URL [jar:file:/D:/studyAppRelation/apache-maven-3.8.1/repository/io/springfox/springfox-spring-web/2.9.2/springfox-spring-web-2.9.2.jar!/springfox/documentation/spring/web/paths/PathMappingDecorator.class]
2023-07-27 23:00:00,812 DEBUG [restartedMain][ClassPathScanningCandidateComponentProvider.java:435] - Identified candidate component class: URL [jar:file:/D:/studyAppRelation/apache-maven-3.8.1/repository/io/springfox/springfox-spring-web/2.9.2/springfox-spring-web-2.9.2.jar!/springfox/documentation/spring/web/paths/PathMappingDecorator.class]
2023-07-27 23:00:00,812 DEBUG [restartedMain][ClassPathScanningCandidateComponentProvider.java:435] - Identified candidate component class: URL [jar:file:/D:/studyAppRelation/apache-maven-3.8.1/repository/io/springfox/springfox-spring-web/2.9.2/springfox-spring-web-2.9.2.jar!/springfox/documentation/spring/web/paths/PathSanitizer.class]
2023-07-27 23:00:00,812 DEBUG [restartedMain][ClassPathScanningCandidateComponentProvider.java:435] - Identified candidate component class: URL [jar:file:/D:/studyAppRelation/apache-maven-3.8.1/repository/io/springfox/springfox-spring-web/2.9.2/springfox-spring-web-2.9.2.jar!/springfox/documentation/spring/web/paths/PathSanitizer.class]
2023-07-27 23:00:00,813 DEBUG [restartedMain][ClassPathScanningCandidateComponentProvider.java:435] - Identified candidate component class: URL [jar:file:/D:/studyAppRelation/apache-maven-3.8.1/repository/io/springfox/springfox-spring-web/2.9.2/springfox-spring-web-2.9.2.jar!/springfox/documentation/spring/web/paths/OperationPathDecorator.class]
2023-07-27 23:00:00,813 DEBUG [restartedMain][ClassPathScanningCandidateComponentProvider.java:435] - Identified candidate component class: URL [jar:file:/D:/studyAppRelation/apache-maven-3.8.1/repository/io/springfox/springfox-spring-web/2.9.2/springfox-spring-web-2.9.2.jar!/springfox/documentation/spring/web/paths/OperationPathDecorator.class]
2023-07-27 23:00:00,840 DEBUG [restartedMain][ClassPathScanningCandidateComponentProvider.java:435] - Identified candidate component class: URL [jar:file:/D:/studyAppRelation/apache-maven-3.8.1/repository/io/springfox/springfox-schema/2.9.2/springfox-schema-2.9.2.jar!/springfox/documentation/schema/CachingModelDependencyProvider.class]
2023-07-27 23:00:00,840 DEBUG [restartedMain][ClassPathScanningCandidateComponentProvider.java:435] - Identified candidate component class: URL [jar:file:/D:/studyAppRelation/apache-maven-3.8.1/repository/io/springfox/springfox-schema/2.9.2/springfox-schema-2.9.2.jar!/springfox/documentation/schema/CachingModelDependencyProvider.class]
2023-07-27 23:00:00,841 DEBUG [restartedMain][ClassPathScanningCandidateComponentProvider.java:435] - Identified candidate component class: URL [jar:file:/D:/studyAppRelation/apache-maven-3.8.1/repository/io/springfox/springfox-schema/2.9.2/springfox-schema-2.9.2.jar!/springfox/documentation/schema/TypeNameExtractor.class]
2023-07-27 23:00:00,841 DEBUG [restartedMain][ClassPathScanningCandidateComponentProvider.java:435] - Identified candidate component class: URL [jar:file:/D:/studyAppRelation/apache-maven-3.8.1/repository/io/springfox/springfox-schema/2.9.2/springfox-schema-2.9.2.jar!/springfox/documentation/schema/TypeNameExtractor.class]
2023-07-27 23:00:00,841 DEBUG [restartedMain][ClassPathScanningCandidateComponentProvider.java:435] - Identified candidate component class: URL [jar:file:/D:/studyAppRelation/apache-maven-3.8.1/repository/io/springfox/springfox-schema/2.9.2/springfox-schema-2.9.2.jar!/springfox/documentation/schema/plugins/PropertyDiscriminatorBasedInheritancePlugin.class]
2023-07-27 23:00:00,841 DEBUG [restartedMain][ClassPathScanningCandidateComponentProvider.java:435] - Identified candidate component class: URL [jar:file:/D:/studyAppRelation/apache-maven-3.8.1/repository/io/springfox/springfox-schema/2.9.2/springfox-schema-2.9.2.jar!/springfox/documentation/schema/plugins/PropertyDiscriminatorBasedInheritancePlugin.class]
2023-07-27 23:00:00,843 DEBUG [restartedMain][ClassPathScanningCandidateComponentProvider.java:435] - Identified candidate component class: URL [jar:file:/D:/studyAppRelation/apache-maven-3.8.1/repository/io/springfox/springfox-schema/2.9.2/springfox-schema-2.9.2.jar!/springfox/documentation/schema/plugins/XmlModelPlugin.class]
2023-07-27 23:00:00,843 DEBUG [restartedMain][ClassPathScanningCandidateComponentProvider.java:435] - Identified candidate component class: URL [jar:file:/D:/studyAppRelation/apache-maven-3.8.1/repository/io/springfox/springfox-schema/2.9.2/springfox-schema-2.9.2.jar!/springfox/documentation/schema/plugins/XmlModelPlugin.class]
2023-07-27 23:00:00,843 DEBUG [restartedMain][ClassPathScanningCandidateComponentProvider.java:435] - Identified candidate component class: URL [jar:file:/D:/studyAppRelation/apache-maven-3.8.1/repository/io/springfox/springfox-schema/2.9.2/springfox-schema-2.9.2.jar!/springfox/documentation/schema/plugins/SchemaPluginsManager.class]
2023-07-27 23:00:00,843 DEBUG [restartedMain][ClassPathScanningCandidateComponentProvider.java:435] - Identified candidate component class: URL [jar:file:/D:/studyAppRelation/apache-maven-3.8.1/repository/io/springfox/springfox-schema/2.9.2/springfox-schema-2.9.2.jar!/springfox/documentation/schema/plugins/SchemaPluginsManager.class]
2023-07-27 23:00:00,844 DEBUG [restartedMain][ClassPathScanningCandidateComponentProvider.java:435] - Identified candidate component class: URL [jar:file:/D:/studyAppRelation/apache-maven-3.8.1/repository/io/springfox/springfox-schema/2.9.2/springfox-schema-2.9.2.jar!/springfox/documentation/schema/property/CachingModelPropertiesProvider.class]
2023-07-27 23:00:00,844 DEBUG [restartedMain][ClassPathScanningCandidateComponentProvider.java:435] - Identified candidate component class: URL [jar:file:/D:/studyAppRelation/apache-maven-3.8.1/repository/io/springfox/springfox-schema/2.9.2/springfox-schema-2.9.2.jar!/springfox/documentation/schema/property/CachingModelPropertiesProvider.class]
2023-07-27 23:00:00,844 DEBUG [restartedMain][ClassPathScanningCandidateComponentProvider.java:435] - Identified candidate component class: URL [jar:file:/D:/studyAppRelation/apache-maven-3.8.1/repository/io/springfox/springfox-schema/2.9.2/springfox-schema-2.9.2.jar!/springfox/documentation/schema/property/ObjectMapperBeanPropertyNamingStrategy.class]
2023-07-27 23:00:00,844 DEBUG [restartedMain][ClassPathScanningCandidateComponentProvider.java:435] - Identified candidate component class: URL [jar:file:/D:/studyAppRelation/apache-maven-3.8.1/repository/io/springfox/springfox-schema/2.9.2/springfox-schema-2.9.2.jar!/springfox/documentation/schema/property/ObjectMapperBeanPropertyNamingStrategy.class]
2023-07-27 23:00:00,845 DEBUG [restartedMain][ClassPathScanningCandidateComponentProvider.java:435] - Identified candidate component class: URL [jar:file:/D:/studyAppRelation/apache-maven-3.8.1/repository/io/springfox/springfox-schema/2.9.2/springfox-schema-2.9.2.jar!/springfox/documentation/schema/property/bean/AccessorsProvider.class]
2023-07-27 23:00:00,845 DEBUG [restartedMain][ClassPathScanningCandidateComponentProvider.java:435] - Identified candidate component class: URL [jar:file:/D:/studyAppRelation/apache-maven-3.8.1/repository/io/springfox/springfox-schema/2.9.2/springfox-schema-2.9.2.jar!/springfox/documentation/schema/property/bean/AccessorsProvider.class]
2023-07-27 23:00:00,846 DEBUG [restartedMain][ClassPathScanningCandidateComponentProvider.java:435] - Identified candidate component class: URL [jar:file:/D:/studyAppRelation/apache-maven-3.8.1/repository/io/springfox/springfox-schema/2.9.2/springfox-schema-2.9.2.jar!/springfox/documentation/schema/property/field/FieldProvider.class]
2023-07-27 23:00:00,846 DEBUG [restartedMain][ClassPathScanningCandidateComponentProvider.java:435] - Identified candidate component class: URL [jar:file:/D:/studyAppRelation/apache-maven-3.8.1/repository/io/springfox/springfox-schema/2.9.2/springfox-schema-2.9.2.jar!/springfox/documentation/schema/property/field/FieldProvider.class]
2023-07-27 23:00:00,847 DEBUG [restartedMain][ClassPathScanningCandidateComponentProvider.java:435] - Identified candidate component class: URL [jar:file:/D:/studyAppRelation/apache-maven-3.8.1/repository/io/springfox/springfox-schema/2.9.2/springfox-schema-2.9.2.jar!/springfox/documentation/schema/property/XmlPropertyPlugin.class]
2023-07-27 23:00:00,847 DEBUG [restartedMain][ClassPathScanningCandidateComponentProvider.java:435] - Identified candidate component class: URL [jar:file:/D:/studyAppRelation/apache-maven-3.8.1/repository/io/springfox/springfox-schema/2.9.2/springfox-schema-2.9.2.jar!/springfox/documentation/schema/property/XmlPropertyPlugin.class]
2023-07-27 23:00:00,848 DEBUG [restartedMain][ClassPathScanningCandidateComponentProvider.java:435] - Identified candidate component class: URL [jar:file:/D:/studyAppRelation/apache-maven-3.8.1/repository/io/springfox/springfox-schema/2.9.2/springfox-schema-2.9.2.jar!/springfox/documentation/schema/property/OptimizedModelPropertiesProvider.class]
2023-07-27 23:00:00,848 DEBUG [restartedMain][ClassPathScanningCandidateComponentProvider.java:435] - Identified candidate component class: URL [jar:file:/D:/studyAppRelation/apache-maven-3.8.1/repository/io/springfox/springfox-schema/2.9.2/springfox-schema-2.9.2.jar!/springfox/documentation/schema/property/OptimizedModelPropertiesProvider.class]
2023-07-27 23:00:00,849 DEBUG [restartedMain][ClassPathScanningCandidateComponentProvider.java:435] - Identified candidate component class: URL [jar:file:/D:/studyAppRelation/apache-maven-3.8.1/repository/io/springfox/springfox-schema/2.9.2/springfox-schema-2.9.2.jar!/springfox/documentation/schema/property/FactoryMethodProvider.class]
2023-07-27 23:00:00,849 DEBUG [restartedMain][ClassPathScanningCandidateComponentProvider.java:435] - Identified candidate component class: URL [jar:file:/D:/studyAppRelation/apache-maven-3.8.1/repository/io/springfox/springfox-schema/2.9.2/springfox-schema-2.9.2.jar!/springfox/documentation/schema/property/FactoryMethodProvider.class]
2023-07-27 23:00:00,851 DEBUG [restartedMain][ClassPathScanningCandidateComponentProvider.java:435] - Identified candidate component class: URL [jar:file:/D:/studyAppRelation/apache-maven-3.8.1/repository/io/springfox/springfox-schema/2.9.2/springfox-schema-2.9.2.jar!/springfox/documentation/schema/CachingModelProvider.class]
2023-07-27 23:00:00,851 DEBUG [restartedMain][ClassPathScanningCandidateComponentProvider.java:435] - Identified candidate component class: URL [jar:file:/D:/studyAppRelation/apache-maven-3.8.1/repository/io/springfox/springfox-schema/2.9.2/springfox-schema-2.9.2.jar!/springfox/documentation/schema/CachingModelProvider.class]
2023-07-27 23:00:00,852 DEBUG [restartedMain][ClassPathScanningCandidateComponentProvider.java:435] - Identified candidate component class: URL [jar:file:/D:/studyAppRelation/apache-maven-3.8.1/repository/io/springfox/springfox-schema/2.9.2/springfox-schema-2.9.2.jar!/springfox/documentation/schema/DefaultModelDependencyProvider.class]
2023-07-27 23:00:00,852 DEBUG [restartedMain][ClassPathScanningCandidateComponentProvider.java:435] - Identified candidate component class: URL [jar:file:/D:/studyAppRelation/apache-maven-3.8.1/repository/io/springfox/springfox-schema/2.9.2/springfox-schema-2.9.2.jar!/springfox/documentation/schema/DefaultModelDependencyProvider.class]
2023-07-27 23:00:00,853 DEBUG [restartedMain][ClassPathScanningCandidateComponentProvider.java:435] - Identified candidate component class: URL [jar:file:/D:/studyAppRelation/apache-maven-3.8.1/repository/io/springfox/springfox-schema/2.9.2/springfox-schema-2.9.2.jar!/springfox/documentation/schema/JacksonEnumTypeDeterminer.class]
2023-07-27 23:00:00,853 DEBUG [restartedMain][ClassPathScanningCandidateComponentProvider.java:435] - Identified candidate component class: URL [jar:file:/D:/studyAppRelation/apache-maven-3.8.1/repository/io/springfox/springfox-schema/2.9.2/springfox-schema-2.9.2.jar!/springfox/documentation/schema/JacksonEnumTypeDeterminer.class]
2023-07-27 23:00:00,853 DEBUG [restartedMain][ClassPathScanningCandidateComponentProvider.java:435] - Identified candidate component class: URL [jar:file:/D:/studyAppRelation/apache-maven-3.8.1/repository/io/springfox/springfox-schema/2.9.2/springfox-schema-2.9.2.jar!/springfox/documentation/schema/DefaultModelProvider.class]
2023-07-27 23:00:00,853 DEBUG [restartedMain][ClassPathScanningCandidateComponentProvider.java:435] - Identified candidate component class: URL [jar:file:/D:/studyAppRelation/apache-maven-3.8.1/repository/io/springfox/springfox-schema/2.9.2/springfox-schema-2.9.2.jar!/springfox/documentation/schema/DefaultModelProvider.class]
2023-07-27 23:00:00,866 DEBUG [restartedMain][ClassPathScanningCandidateComponentProvider.java:435] - Identified candidate component class: URL [jar:file:/D:/studyAppRelation/apache-maven-3.8.1/repository/io/springfox/springfox-swagger-common/2.9.2/springfox-swagger-common-2.9.2.jar!/springfox/documentation/swagger/schema/ApiModelPropertyPropertyBuilder.class]
2023-07-27 23:00:00,866 DEBUG [restartedMain][ClassPathScanningCandidateComponentProvider.java:435] - Identified candidate component class: URL [jar:file:/D:/studyAppRelation/apache-maven-3.8.1/repository/io/springfox/springfox-swagger-common/2.9.2/springfox-swagger-common-2.9.2.jar!/springfox/documentation/swagger/schema/ApiModelPropertyPropertyBuilder.class]
2023-07-27 23:00:00,866 DEBUG [restartedMain][ClassPathScanningCandidateComponentProvider.java:435] - Identified candidate component class: URL [jar:file:/D:/studyAppRelation/apache-maven-3.8.1/repository/io/springfox/springfox-swagger-common/2.9.2/springfox-swagger-common-2.9.2.jar!/springfox/documentation/swagger/schema/ApiModelTypeNameProvider.class]
2023-07-27 23:00:00,866 DEBUG [restartedMain][ClassPathScanningCandidateComponentProvider.java:435] - Identified candidate component class: URL [jar:file:/D:/studyAppRelation/apache-maven-3.8.1/repository/io/springfox/springfox-swagger-common/2.9.2/springfox-swagger-common-2.9.2.jar!/springfox/documentation/swagger/schema/ApiModelTypeNameProvider.class]
2023-07-27 23:00:00,866 DEBUG [restartedMain][ClassPathScanningCandidateComponentProvider.java:435] - Identified candidate component class: URL [jar:file:/D:/studyAppRelation/apache-maven-3.8.1/repository/io/springfox/springfox-swagger-common/2.9.2/springfox-swagger-common-2.9.2.jar!/springfox/documentation/swagger/schema/ApiModelBuilder.class]
2023-07-27 23:00:00,866 DEBUG [restartedMain][ClassPathScanningCandidateComponentProvider.java:435] - Identified candidate component class: URL [jar:file:/D:/studyAppRelation/apache-maven-3.8.1/repository/io/springfox/springfox-swagger-common/2.9.2/springfox-swagger-common-2.9.2.jar!/springfox/documentation/swagger/schema/ApiModelBuilder.class]
2023-07-27 23:00:00,869 DEBUG [restartedMain][ClassPathScanningCandidateComponentProvider.java:435] - Identified candidate component class: URL [jar:file:/D:/studyAppRelation/apache-maven-3.8.1/repository/io/springfox/springfox-swagger-common/2.9.2/springfox-swagger-common-2.9.2.jar!/springfox/documentation/swagger/readers/operation/OperationImplicitParameterReader.class]
2023-07-27 23:00:00,869 DEBUG [restartedMain][ClassPathScanningCandidateComponentProvider.java:435] - Identified candidate component class: URL [jar:file:/D:/studyAppRelation/apache-maven-3.8.1/repository/io/springfox/springfox-swagger-common/2.9.2/springfox-swagger-common-2.9.2.jar!/springfox/documentation/swagger/readers/operation/OperationImplicitParameterReader.class]
2023-07-27 23:00:00,870 DEBUG [restartedMain][ClassPathScanningCandidateComponentProvider.java:435] - Identified candidate component class: URL [jar:file:/D:/studyAppRelation/apache-maven-3.8.1/repository/io/springfox/springfox-swagger-common/2.9.2/springfox-swagger-common-2.9.2.jar!/springfox/documentation/swagger/readers/operation/VendorExtensionsReader.class]
2023-07-27 23:00:00,870 DEBUG [restartedMain][ClassPathScanningCandidateComponentProvider.java:435] - Identified candidate component class: URL [jar:file:/D:/studyAppRelation/apache-maven-3.8.1/repository/io/springfox/springfox-swagger-common/2.9.2/springfox-swagger-common-2.9.2.jar!/springfox/documentation/swagger/readers/operation/VendorExtensionsReader.class]
2023-07-27 23:00:00,871 DEBUG [restartedMain][ClassPathScanningCandidateComponentProvider.java:435] - Identified candidate component class: URL [jar:file:/D:/studyAppRelation/apache-maven-3.8.1/repository/io/springfox/springfox-swagger-common/2.9.2/springfox-swagger-common-2.9.2.jar!/springfox/documentation/swagger/readers/operation/SwaggerOperationResponseClassReader.class]
2023-07-27 23:00:00,871 DEBUG [restartedMain][ClassPathScanningCandidateComponentProvider.java:435] - Identified candidate component class: URL [jar:file:/D:/studyAppRelation/apache-maven-3.8.1/repository/io/springfox/springfox-swagger-common/2.9.2/springfox-swagger-common-2.9.2.jar!/springfox/documentation/swagger/readers/operation/SwaggerOperationResponseClassReader.class]
2023-07-27 23:00:00,872 DEBUG [restartedMain][ClassPathScanningCandidateComponentProvider.java:435] - Identified candidate component class: URL [jar:file:/D:/studyAppRelation/apache-maven-3.8.1/repository/io/springfox/springfox-swagger-common/2.9.2/springfox-swagger-common-2.9.2.jar!/springfox/documentation/swagger/readers/operation/SwaggerOperationModelsProvider.class]
2023-07-27 23:00:00,872 DEBUG [restartedMain][ClassPathScanningCandidateComponentProvider.java:435] - Identified candidate component class: URL [jar:file:/D:/studyAppRelation/apache-maven-3.8.1/repository/io/springfox/springfox-swagger-common/2.9.2/springfox-swagger-common-2.9.2.jar!/springfox/documentation/swagger/readers/operation/SwaggerOperationModelsProvider.class]
2023-07-27 23:00:00,872 DEBUG [restartedMain][ClassPathScanningCandidateComponentProvider.java:435] - Identified candidate component class: URL [jar:file:/D:/studyAppRelation/apache-maven-3.8.1/repository/io/springfox/springfox-swagger-common/2.9.2/springfox-swagger-common-2.9.2.jar!/springfox/documentation/swagger/readers/operation/SwaggerMediaTypeReader.class]
2023-07-27 23:00:00,872 DEBUG [restartedMain][ClassPathScanningCandidateComponentProvider.java:435] - Identified candidate component class: URL [jar:file:/D:/studyAppRelation/apache-maven-3.8.1/repository/io/springfox/springfox-swagger-common/2.9.2/springfox-swagger-common-2.9.2.jar!/springfox/documentation/swagger/readers/operation/SwaggerMediaTypeReader.class]
2023-07-27 23:00:00,873 DEBUG [restartedMain][ClassPathScanningCandidateComponentProvider.java:435] - Identified candidate component class: URL [jar:file:/D:/studyAppRelation/apache-maven-3.8.1/repository/io/springfox/springfox-swagger-common/2.9.2/springfox-swagger-common-2.9.2.jar!/springfox/documentation/swagger/readers/operation/OperationHttpMethodReader.class]
2023-07-27 23:00:00,873 DEBUG [restartedMain][ClassPathScanningCandidateComponentProvider.java:435] - Identified candidate component class: URL [jar:file:/D:/studyAppRelation/apache-maven-3.8.1/repository/io/springfox/springfox-swagger-common/2.9.2/springfox-swagger-common-2.9.2.jar!/springfox/documentation/swagger/readers/operation/OperationHttpMethodReader.class]
2023-07-27 23:00:00,873 DEBUG [restartedMain][ClassPathScanningCandidateComponentProvider.java:435] - Identified candidate component class: URL [jar:file:/D:/studyAppRelation/apache-maven-3.8.1/repository/io/springfox/springfox-swagger-common/2.9.2/springfox-swagger-common-2.9.2.jar!/springfox/documentation/swagger/readers/operation/OperationImplicitParametersReader.class]
2023-07-27 23:00:00,873 DEBUG [restartedMain][ClassPathScanningCandidateComponentProvider.java:435] - Identified candidate component class: URL [jar:file:/D:/studyAppRelation/apache-maven-3.8.1/repository/io/springfox/springfox-swagger-common/2.9.2/springfox-swagger-common-2.9.2.jar!/springfox/documentation/swagger/readers/operation/OperationImplicitParametersReader.class]
2023-07-27 23:00:00,874 DEBUG [restartedMain][ClassPathScanningCandidateComponentProvider.java:435] - Identified candidate component class: URL [jar:file:/D:/studyAppRelation/apache-maven-3.8.1/repository/io/springfox/springfox-swagger-common/2.9.2/springfox-swagger-common-2.9.2.jar!/springfox/documentation/swagger/readers/operation/OperationAuthReader.class]
2023-07-27 23:00:00,874 DEBUG [restartedMain][ClassPathScanningCandidateComponentProvider.java:435] - Identified candidate component class: URL [jar:file:/D:/studyAppRelation/apache-maven-3.8.1/repository/io/springfox/springfox-swagger-common/2.9.2/springfox-swagger-common-2.9.2.jar!/springfox/documentation/swagger/readers/operation/OperationAuthReader.class]
2023-07-27 23:00:00,874 DEBUG [restartedMain][ClassPathScanningCandidateComponentProvider.java:435] - Identified candidate component class: URL [jar:file:/D:/studyAppRelation/apache-maven-3.8.1/repository/io/springfox/springfox-swagger-common/2.9.2/springfox-swagger-common-2.9.2.jar!/springfox/documentation/swagger/readers/operation/OperationHiddenReader.class]
2023-07-27 23:00:00,874 DEBUG [restartedMain][ClassPathScanningCandidateComponentProvider.java:435] - Identified candidate component class: URL [jar:file:/D:/studyAppRelation/apache-maven-3.8.1/repository/io/springfox/springfox-swagger-common/2.9.2/springfox-swagger-common-2.9.2.jar!/springfox/documentation/swagger/readers/operation/OperationHiddenReader.class]
2023-07-27 23:00:00,874 DEBUG [restartedMain][ClassPathScanningCandidateComponentProvider.java:435] - Identified candidate component class: URL [jar:file:/D:/studyAppRelation/apache-maven-3.8.1/repository/io/springfox/springfox-swagger-common/2.9.2/springfox-swagger-common-2.9.2.jar!/springfox/documentation/swagger/readers/operation/OperationSummaryReader.class]
2023-07-27 23:00:00,874 DEBUG [restartedMain][ClassPathScanningCandidateComponentProvider.java:435] - Identified candidate component class: URL [jar:file:/D:/studyAppRelation/apache-maven-3.8.1/repository/io/springfox/springfox-swagger-common/2.9.2/springfox-swagger-common-2.9.2.jar!/springfox/documentation/swagger/readers/operation/OperationSummaryReader.class]
2023-07-27 23:00:00,874 DEBUG [restartedMain][ClassPathScanningCandidateComponentProvider.java:435] - Identified candidate component class: URL [jar:file:/D:/studyAppRelation/apache-maven-3.8.1/repository/io/springfox/springfox-swagger-common/2.9.2/springfox-swagger-common-2.9.2.jar!/springfox/documentation/swagger/readers/operation/SwaggerResponseMessageReader.class]
2023-07-27 23:00:00,874 DEBUG [restartedMain][ClassPathScanningCandidateComponentProvider.java:435] - Identified candidate component class: URL [jar:file:/D:/studyAppRelation/apache-maven-3.8.1/repository/io/springfox/springfox-swagger-common/2.9.2/springfox-swagger-common-2.9.2.jar!/springfox/documentation/swagger/readers/operation/SwaggerResponseMessageReader.class]
2023-07-27 23:00:00,875 DEBUG [restartedMain][ClassPathScanningCandidateComponentProvider.java:435] - Identified candidate component class: URL [jar:file:/D:/studyAppRelation/apache-maven-3.8.1/repository/io/springfox/springfox-swagger-common/2.9.2/springfox-swagger-common-2.9.2.jar!/springfox/documentation/swagger/readers/operation/OperationNicknameIntoUniqueIdReader.class]
2023-07-27 23:00:00,875 DEBUG [restartedMain][ClassPathScanningCandidateComponentProvider.java:435] - Identified candidate component class: URL [jar:file:/D:/studyAppRelation/apache-maven-3.8.1/repository/io/springfox/springfox-swagger-common/2.9.2/springfox-swagger-common-2.9.2.jar!/springfox/documentation/swagger/readers/operation/OperationNicknameIntoUniqueIdReader.class]
2023-07-27 23:00:00,875 DEBUG [restartedMain][ClassPathScanningCandidateComponentProvider.java:435] - Identified candidate component class: URL [jar:file:/D:/studyAppRelation/apache-maven-3.8.1/repository/io/springfox/springfox-swagger-common/2.9.2/springfox-swagger-common-2.9.2.jar!/springfox/documentation/swagger/readers/operation/OperationPositionReader.class]
2023-07-27 23:00:00,875 DEBUG [restartedMain][ClassPathScanningCandidateComponentProvider.java:435] - Identified candidate component class: URL [jar:file:/D:/studyAppRelation/apache-maven-3.8.1/repository/io/springfox/springfox-swagger-common/2.9.2/springfox-swagger-common-2.9.2.jar!/springfox/documentation/swagger/readers/operation/OperationPositionReader.class]
2023-07-27 23:00:00,875 DEBUG [restartedMain][ClassPathScanningCandidateComponentProvider.java:435] - Identified candidate component class: URL [jar:file:/D:/studyAppRelation/apache-maven-3.8.1/repository/io/springfox/springfox-swagger-common/2.9.2/springfox-swagger-common-2.9.2.jar!/springfox/documentation/swagger/readers/operation/OperationNotesReader.class]
2023-07-27 23:00:00,875 DEBUG [restartedMain][ClassPathScanningCandidateComponentProvider.java:435] - Identified candidate component class: URL [jar:file:/D:/studyAppRelation/apache-maven-3.8.1/repository/io/springfox/springfox-swagger-common/2.9.2/springfox-swagger-common-2.9.2.jar!/springfox/documentation/swagger/readers/operation/OperationNotesReader.class]
2023-07-27 23:00:00,876 DEBUG [restartedMain][ClassPathScanningCandidateComponentProvider.java:435] - Identified candidate component class: URL [jar:file:/D:/studyAppRelation/apache-maven-3.8.1/repository/io/springfox/springfox-swagger-common/2.9.2/springfox-swagger-common-2.9.2.jar!/springfox/documentation/swagger/readers/operation/SwaggerOperationTagsReader.class]
2023-07-27 23:00:00,876 DEBUG [restartedMain][ClassPathScanningCandidateComponentProvider.java:435] - Identified candidate component class: URL [jar:file:/D:/studyAppRelation/apache-maven-3.8.1/repository/io/springfox/springfox-swagger-common/2.9.2/springfox-swagger-common-2.9.2.jar!/springfox/documentation/swagger/readers/operation/SwaggerOperationTagsReader.class]
2023-07-27 23:00:00,876 DEBUG [restartedMain][ClassPathScanningCandidateComponentProvider.java:435] - Identified candidate component class: URL [jar:file:/D:/studyAppRelation/apache-maven-3.8.1/repository/io/springfox/springfox-swagger-common/2.9.2/springfox-swagger-common-2.9.2.jar!/springfox/documentation/swagger/readers/parameter/ApiParamParameterBuilder.class]
2023-07-27 23:00:00,876 DEBUG [restartedMain][ClassPathScanningCandidateComponentProvider.java:435] - Identified candidate component class: URL [jar:file:/D:/studyAppRelation/apache-maven-3.8.1/repository/io/springfox/springfox-swagger-common/2.9.2/springfox-swagger-common-2.9.2.jar!/springfox/documentation/swagger/readers/parameter/ApiParamParameterBuilder.class]
2023-07-27 23:00:00,877 DEBUG [restartedMain][ClassPathScanningCandidateComponentProvider.java:435] - Identified candidate component class: URL [jar:file:/D:/studyAppRelation/apache-maven-3.8.1/repository/io/springfox/springfox-swagger-common/2.9.2/springfox-swagger-common-2.9.2.jar!/springfox/documentation/swagger/readers/parameter/SwaggerExpandedParameterBuilder.class]
2023-07-27 23:00:00,877 DEBUG [restartedMain][ClassPathScanningCandidateComponentProvider.java:435] - Identified candidate component class: URL [jar:file:/D:/studyAppRelation/apache-maven-3.8.1/repository/io/springfox/springfox-swagger-common/2.9.2/springfox-swagger-common-2.9.2.jar!/springfox/documentation/swagger/readers/parameter/SwaggerExpandedParameterBuilder.class]
2023-07-27 23:00:00,881 DEBUG [restartedMain][ClassPathScanningCandidateComponentProvider.java:435] - Identified candidate component class: URL [jar:file:/D:/studyAppRelation/apache-maven-3.8.1/repository/io/springfox/springfox-swagger-common/2.9.2/springfox-swagger-common-2.9.2.jar!/springfox/documentation/swagger/web/SwaggerApiListingReader.class]
2023-07-27 23:00:00,881 DEBUG [restartedMain][ClassPathScanningCandidateComponentProvider.java:435] - Identified candidate component class: URL [jar:file:/D:/studyAppRelation/apache-maven-3.8.1/repository/io/springfox/springfox-swagger-common/2.9.2/springfox-swagger-common-2.9.2.jar!/springfox/documentation/swagger/web/SwaggerApiListingReader.class]
2023-07-27 23:00:00,883 DEBUG [restartedMain][ClassPathScanningCandidateComponentProvider.java:435] - Identified candidate component class: URL [jar:file:/D:/studyAppRelation/apache-maven-3.8.1/repository/io/springfox/springfox-swagger-common/2.9.2/springfox-swagger-common-2.9.2.jar!/springfox/documentation/swagger/web/ClassOrApiAnnotationResourceGrouping.class]
2023-07-27 23:00:00,883 DEBUG [restartedMain][ClassPathScanningCandidateComponentProvider.java:435] - Identified candidate component class: URL [jar:file:/D:/studyAppRelation/apache-maven-3.8.1/repository/io/springfox/springfox-swagger-common/2.9.2/springfox-swagger-common-2.9.2.jar!/springfox/documentation/swagger/web/ClassOrApiAnnotationResourceGrouping.class]
2023-07-27 23:00:00,884 DEBUG [restartedMain][ClassPathScanningCandidateComponentProvider.java:435] - Identified candidate component class: URL [jar:file:/D:/studyAppRelation/apache-maven-3.8.1/repository/io/springfox/springfox-swagger-common/2.9.2/springfox-swagger-common-2.9.2.jar!/springfox/documentation/swagger/web/InMemorySwaggerResourcesProvider.class]
2023-07-27 23:00:00,884 DEBUG [restartedMain][ClassPathScanningCandidateComponentProvider.java:435] - Identified candidate component class: URL [jar:file:/D:/studyAppRelation/apache-maven-3.8.1/repository/io/springfox/springfox-swagger-common/2.9.2/springfox-swagger-common-2.9.2.jar!/springfox/documentation/swagger/web/InMemorySwaggerResourcesProvider.class]
2023-07-27 23:00:00,885 DEBUG [restartedMain][ClassPathScanningCandidateComponentProvider.java:435] - Identified candidate component class: URL [jar:file:/D:/studyAppRelation/apache-maven-3.8.1/repository/io/springfox/springfox-swagger-common/2.9.2/springfox-swagger-common-2.9.2.jar!/springfox/documentation/swagger/web/ApiResourceController.class]
2023-07-27 23:00:00,885 DEBUG [restartedMain][ClassPathScanningCandidateComponentProvider.java:435] - Identified candidate component class: URL [jar:file:/D:/studyAppRelation/apache-maven-3.8.1/repository/io/springfox/springfox-swagger-common/2.9.2/springfox-swagger-common-2.9.2.jar!/springfox/documentation/swagger/web/ApiResourceController.class]
