0 verbose cli D:\software\node.js\node.exe D:\software\node.js\node_modules\npm\bin\npm-cli.js
1 info using npm@9.5.1
2 info using node@v18.16.0
3 timing npm:load:whichnode Completed in 1ms
4 timing config:load:defaults Completed in 1ms
5 timing config:load:file:D:\software\node.js\node_modules\npm\npmrc Completed in 1ms
6 timing config:load:builtin Completed in 1ms
7 timing config:load:cli Completed in 1ms
8 timing config:load:env Completed in 0ms
9 timing config:load:file:D:\project\project-xczx2-portal-vue-ts\.npmrc Completed in 0ms
10 timing config:load:project Completed in 1ms
11 timing config:load:file:C:\Users\MrMa\.npmrc Completed in 2ms
12 timing config:load:user Completed in 2ms
13 timing config:load:file:D:\software\node.js\node_global\etc\npmrc Completed in 0ms
14 timing config:load:global Completed in 0ms
15 timing config:load:setEnvs Completed in 1ms
16 timing config:load Completed in 9ms
17 timing npm:load:configload Completed in 9ms
18 timing npm:load:mkdirpcache Completed in 0ms
19 timing npm:load:mkdirplogs Completed in 1ms
20 verbose title npm cache clean
21 verbose argv "cache" "clean" "--force" "--cache" "$HOME\\.npm"
22 timing npm:load:setTitle Completed in 1ms
23 timing config:load:flatten Completed in 2ms
24 timing npm:load:display Completed in 2ms
25 verbose logfile logs-max:10 dir:D:\project\project-xczx2-portal-vue-ts\$HOME\.npm\_logs\2023-05-29T15_55_19_453Z-
26 verbose logfile D:\project\project-xczx2-portal-vue-ts\$HOME\.npm\_logs\2023-05-29T15_55_19_453Z-debug-0.log
27 timing npm:load:logFile Completed in 5ms
28 timing npm:load:timers Completed in 0ms
29 timing npm:load:configScope Completed in 0ms
30 warn using --force Recommended protections disabled.
31 timing npm:load Completed in 20ms
32 silly logfile done cleaning log files
33 timing command:cache Completed in 16ms
34 verbose exit 0
35 timing npm Completed in 47ms
36 info ok
